2026-07-13 11:19:26,866 — INFO — ============================================================
2026-07-13 11:19:26,866 — INFO — PIPELINE START — 2026-07-13 11:19:26
2026-07-13 11:19:26,866 — INFO — ============================================================
2026-07-13 11:19:26,866 — INFO — ============================================================
2026-07-13 11:19:26,866 — INFO — STEP 1 — Ingest & deduplicate
2026-07-13 11:19:26,866 — INFO — ============================================================
2026-07-13 11:19:26,867 — INFO — Attempting to fetch responses directly from SurveyMonkey API...
2026-07-13 11:19:26,867 — INFO — Fetching question metadata for survey 525214484...
2026-07-13 11:19:27,602 — INFO — Mapped 3 questions for survey 525214484
2026-07-13 11:19:27,606 — INFO — Fetching responses for survey 525214484...
2026-07-13 11:19:29,009 — INFO —   Fetched 100 responses so far...
2026-07-13 11:19:30,598 — INFO —   Fetched 200 responses so far...
2026-07-13 11:19:32,220 — INFO —   Fetched 300 responses so far...
2026-07-13 11:19:33,436 — INFO —   Fetched 400 responses so far...
2026-07-13 11:19:34,962 — INFO —   Fetched 500 responses so far...
2026-07-13 11:19:36,543 — INFO —   Fetched 600 responses so far...
2026-07-13 11:19:38,136 — INFO —   Fetched 700 responses so far...
2026-07-13 11:19:39,657 — INFO —   Fetched 800 responses so far...
2026-07-13 11:19:40,956 — INFO —   Fetched 900 responses so far...
2026-07-13 11:19:42,050 — INFO —   Fetched 1000 responses so far...
2026-07-13 11:19:43,068 — INFO —   Fetched 1100 responses so far...
2026-07-13 11:19:44,094 — INFO —   Fetched 1200 responses so far...
2026-07-13 11:19:45,629 — INFO —   Fetched 1300 responses so far...
2026-07-13 11:19:46,961 — INFO —   Fetched 1400 responses so far...
2026-07-13 11:19:48,613 — INFO —   Fetched 1500 responses so far...
2026-07-13 11:19:49,625 — INFO —   Fetched 1600 responses so far...
2026-07-13 11:19:50,835 — INFO —   Fetched 1700 responses so far...
2026-07-13 11:19:51,866 — INFO —   Fetched 1800 responses so far...
2026-07-13 11:19:53,109 — INFO —   Fetched 1900 responses so far...
2026-07-13 11:19:54,767 — INFO —   Fetched 2000 responses so far...
2026-07-13 11:19:56,345 — INFO —   Fetched 2100 responses so far...
2026-07-13 11:19:58,272 — INFO —   Fetched 2200 responses so far...
2026-07-13 11:19:59,436 — INFO —   Fetched 2300 responses so far...
2026-07-13 11:20:00,565 — INFO —   Fetched 2400 responses so far...
2026-07-13 11:20:02,117 — INFO —   Fetched 2500 responses so far...
2026-07-13 11:20:03,787 — INFO —   Fetched 2600 responses so far...
2026-07-13 11:20:05,543 — INFO —   Fetched 2700 responses so far...
2026-07-13 11:20:06,724 — INFO —   Fetched 2800 responses so far...
2026-07-13 11:20:07,839 — INFO —   Fetched 2900 responses so far...
2026-07-13 11:20:09,097 — INFO —   Fetched 3000 responses so far...
2026-07-13 11:20:10,641 — INFO —   Fetched 3100 responses so far...
2026-07-13 11:20:12,458 — INFO —   Fetched 3200 responses so far...
2026-07-13 11:20:13,500 — INFO —   Fetched 3300 responses so far...
2026-07-13 11:20:14,429 — INFO —   Fetched 3400 responses so far...
2026-07-13 11:20:15,985 — INFO —   Fetched 3500 responses so far...
2026-07-13 11:20:17,566 — INFO —   Fetched 3600 responses so far...
2026-07-13 11:20:19,253 — INFO —   Fetched 3700 responses so far...
2026-07-13 11:20:20,450 — INFO —   Fetched 3800 responses so far...
2026-07-13 11:20:21,572 — INFO —   Fetched 3900 responses so far...
2026-07-13 11:20:22,800 — INFO —   Fetched 4000 responses so far...
2026-07-13 11:20:23,831 — INFO —   Fetched 4100 responses so far...
2026-07-13 11:20:25,350 — INFO —   Fetched 4200 responses so far...
2026-07-13 11:20:27,065 — INFO —   Fetched 4300 responses so far...
2026-07-13 11:20:27,969 — INFO —   Fetched 4400 responses so far...
2026-07-13 11:20:29,857 — INFO —   Fetched 4500 responses so far...
2026-07-13 11:20:31,791 — INFO —   Fetched 4600 responses so far...
2026-07-13 11:20:32,837 — INFO —   Fetched 4700 responses so far...
2026-07-13 11:20:33,842 — INFO —   Fetched 4800 responses so far...
2026-07-13 11:20:35,464 — INFO —   Fetched 4900 responses so far...
2026-07-13 11:20:37,023 — INFO —   Fetched 5000 responses so far...
2026-07-13 11:20:38,646 — INFO —   Fetched 5100 responses so far...
2026-07-13 11:20:39,715 — INFO —   Fetched 5200 responses so far...
2026-07-13 11:20:41,221 — INFO —   Fetched 5300 responses so far...
2026-07-13 11:20:42,852 — INFO —   Fetched 5400 responses so far...
2026-07-13 11:20:44,437 — INFO —   Fetched 5500 responses so far...
2026-07-13 11:20:45,458 — INFO —   Fetched 5600 responses so far...
2026-07-13 11:20:47,181 — INFO —   Fetched 5700 responses so far...
2026-07-13 11:20:48,900 — INFO —   Fetched 5800 responses so far...
2026-07-13 11:20:50,313 — INFO —   Fetched 5900 responses so far...
2026-07-13 11:20:51,228 — INFO —   Fetched 6000 responses so far...
2026-07-13 11:20:52,569 — INFO —   Fetched 6100 responses so far...
2026-07-13 11:20:54,156 — INFO —   Fetched 6200 responses so far...
2026-07-13 11:20:55,207 — INFO —   Fetched 6300 responses so far...
2026-07-13 11:20:56,829 — INFO —   Fetched 6400 responses so far...
2026-07-13 11:20:57,810 — INFO —   Fetched 6500 responses so far...
2026-07-13 11:20:59,505 — INFO —   Fetched 6600 responses so far...
2026-07-13 11:21:00,727 — INFO —   Fetched 6700 responses so far...
2026-07-13 11:21:01,744 — INFO —   Fetched 6800 responses so far...
2026-07-13 11:21:03,421 — INFO —   Fetched 6900 responses so far...
2026-07-13 11:21:05,117 — INFO —   Fetched 7000 responses so far...
2026-07-13 11:21:06,215 — INFO —   Fetched 7100 responses so far...
2026-07-13 11:21:07,182 — INFO —   Fetched 7200 responses so far...
2026-07-13 11:21:08,704 — INFO —   Fetched 7300 responses so far...
2026-07-13 11:21:10,404 — INFO —   Fetched 7400 responses so far...
2026-07-13 11:21:11,328 — INFO —   Fetched 7500 responses so far...
2026-07-13 11:21:12,555 — INFO —   Fetched 7600 responses so far...
2026-07-13 11:21:13,450 — INFO —   Fetched 7700 responses so far...
2026-07-13 11:21:15,005 — INFO —   Fetched 7800 responses so far...
2026-07-13 11:21:16,062 — INFO —   Fetched 7900 responses so far...
2026-07-13 11:21:17,744 — INFO —   Fetched 8000 responses so far...
2026-07-13 11:21:18,675 — INFO —   Fetched 8100 responses so far...
2026-07-13 11:21:20,352 — INFO —   Fetched 8200 responses so far...
2026-07-13 11:21:21,526 — INFO —   Fetched 8300 responses so far...
2026-07-13 11:21:23,096 — INFO —   Fetched 8400 responses so far...
2026-07-13 11:21:24,696 — INFO —   Fetched 8500 responses so far...
2026-07-13 11:21:26,326 — INFO —   Fetched 8600 responses so far...
2026-07-13 11:21:27,917 — INFO —   Fetched 8700 responses so far...
2026-07-13 11:21:29,050 — INFO —   Fetched 8800 responses so far...
2026-07-13 11:21:30,537 — INFO —   Fetched 8900 responses so far...
2026-07-13 11:21:31,542 — INFO —   Fetched 9000 responses so far...
2026-07-13 11:21:32,756 — INFO —   Fetched 9100 responses so far...
2026-07-13 11:21:34,356 — INFO —   Fetched 9200 responses so far...
2026-07-13 11:21:35,248 — INFO —   Fetched 9300 responses so far...
2026-07-13 11:21:36,948 — INFO —   Fetched 9400 responses so far...
2026-07-13 11:21:37,963 — INFO —   Fetched 9500 responses so far...
2026-07-13 11:21:39,526 — INFO —   Fetched 9600 responses so far...
2026-07-13 11:21:40,628 — INFO —   Fetched 9700 responses so far...
2026-07-13 11:21:42,191 — INFO —   Fetched 9800 responses so far...
2026-07-13 11:21:43,943 — INFO —   Fetched 9900 responses so far...
2026-07-13 11:21:45,505 — INFO —   Fetched 10000 responses so far...
2026-07-13 11:21:46,453 — INFO —   Fetched 10100 responses so far...
2026-07-13 11:21:47,358 — INFO —   Fetched 10200 responses so far...
2026-07-13 11:21:48,942 — INFO —   Fetched 10300 responses so far...
2026-07-13 11:21:49,920 — INFO —   Fetched 10400 responses so far...
2026-07-13 11:21:51,021 — INFO —   Fetched 10500 responses so far...
2026-07-13 11:21:52,087 — INFO —   Fetched 10600 responses so far...
2026-07-13 11:21:53,725 — INFO —   Fetched 10700 responses so far...
2026-07-13 11:21:54,652 — INFO —   Fetched 10800 responses so far...
2026-07-13 11:21:55,817 — INFO —   Fetched 10900 responses so far...
2026-07-13 11:21:57,386 — INFO —   Fetched 11000 responses so far...
2026-07-13 11:21:58,645 — INFO —   Fetched 11100 responses so far...
2026-07-13 11:21:59,772 — INFO —   Fetched 11200 responses so far...
2026-07-13 11:22:00,703 — INFO —   Fetched 11300 responses so far...
2026-07-13 11:22:02,434 — INFO —   Fetched 11400 responses so far...
2026-07-13 11:22:03,468 — INFO —   Fetched 11500 responses so far...
2026-07-13 11:22:05,000 — INFO —   Fetched 11600 responses so far...
2026-07-13 11:22:06,531 — INFO —   Fetched 11700 responses so far...
2026-07-13 11:22:07,588 — INFO —   Fetched 11800 responses so far...
2026-07-13 11:22:08,554 — INFO —   Fetched 11900 responses so far...
2026-07-13 11:22:10,103 — INFO —   Fetched 12000 responses so far...
2026-07-13 11:22:11,656 — INFO —   Fetched 12100 responses so far...
2026-07-13 11:22:12,848 — INFO —   Fetched 12200 responses so far...
2026-07-13 11:22:14,388 — INFO —   Fetched 12300 responses so far...
2026-07-13 11:22:16,049 — INFO —   Fetched 12400 responses so far...
2026-07-13 11:22:17,073 — INFO —   Fetched 12500 responses so far...
2026-07-13 11:22:18,653 — INFO —   Fetched 12600 responses so far...
2026-07-13 11:22:20,247 — INFO —   Fetched 12700 responses so far...
2026-07-13 11:22:21,273 — INFO —   Fetched 12726 responses so far...
2026-07-13 11:22:21,273 — INFO — Retrieved 12726 total responses for survey 525214484
2026-07-13 11:22:21,333 — INFO — Flattened to DataFrame: 12726 rows, columns: ['Respondent ID', 'Start Date', 'Rate your experience', 'Is there anything you would like to tell us about your experience?']
2026-07-13 11:22:21,343 — INFO — Loaded 12726 reviews via SurveyMonkey API
2026-07-13 11:22:21,343 — INFO — No processed IDs file found — treating all reviews as new
2026-07-13 11:22:21,345 — INFO — New reviews to process: 12726 (source: api)
2026-07-13 11:22:21,449 — INFO — ============================================================
2026-07-13 11:22:21,449 — INFO — STEP 2 — External preprocessing (preprocessing.py)
2026-07-13 11:22:21,449 — INFO — ============================================================
2026-07-13 11:22:21,449 — INFO — Columns before preprocessing: ['Respondent ID', 'Start Date', 'Rate your experience', 'Is there anything you would like to tell us about your experience?']
2026-07-13 11:22:21,449 — INFO — Rows before preprocessing: 12726
2026-07-13 11:22:24,019 — INFO — Columns after preprocessing: ['Respondent ID', 'Start Date', 'Rating', 'Feedback', 'Feedback_clean']
2026-07-13 11:22:24,019 — INFO — Rows after preprocessing: 5120
2026-07-13 11:22:24,019 — INFO — Non-null Feedback_clean: 5120
2026-07-13 11:22:24,019 — INFO — Sample: ['qa testing for the first time form went live', 'would be useful to be able to easily access tpo guidance once you are in the application process', 'nominee e mail was sent to me and not to the nominee']
2026-07-13 11:22:24,019 — INFO — Preprocessing complete ✓
2026-07-13 11:22:24,019 — INFO — ============================================================
2026-07-13 11:22:24,019 — INFO — STEP 3 — Classify
2026-07-13 11:22:24,019 — INFO — ============================================================
2026-07-13 11:22:24,025 — INFO — Loading SVM model...
2026-07-13 11:22:24,033 — INFO — No device provided, using mps
2026-07-13 11:22:24,180 — INFO — HTTP Request: HEAD https://huggingface.co/sentence-transformers/all-mpnet-base-v2/resolve/main/modules.json "HTTP/1.1 307 Temporary Redirect"
2026-07-13 11:22:24,180 — WARNING — Warning: You are sending unauthenticated requests to the HF Hub. Please set a HF_TOKEN to enable higher rate limits and faster downloads.
2026-07-13 11:22:24,193 — INFO — HTTP Request: HEAD https://huggingface.co/api/resolve-cache/models/sentence-transformers/all-mpnet-base-v2/e8c3b32edf5434bc2275fc9bab85f82640a19130/modules.json "HTTP/1.1 200 OK"
2026-07-13 11:22:24,296 — INFO — HTTP Request: HEAD https://huggingface.co/sentence-transformers/all-mpnet-base-v2/resolve/main/config_sentence_transformers.json "HTTP/1.1 307 Temporary Redirect"
2026-07-13 11:22:24,308 — INFO — HTTP Request: HEAD https://huggingface.co/api/resolve-cache/models/sentence-transformers/all-mpnet-base-v2/e8c3b32edf5434bc2275fc9bab85f82640a19130/config_sentence_transformers.json "HTTP/1.1 200 OK"
2026-07-13 11:22:24,310 — INFO — Loading SentenceTransformer model from sentence-transformers/all-mpnet-base-v2.
2026-07-13 11:22:24,465 — INFO — HTTP Request: HEAD https://huggingface.co/sentence-transformers/all-mpnet-base-v2/resolve/main/config_sentence_transformers.json "HTTP/1.1 307 Temporary Redirect"
2026-07-13 11:22:24,477 — INFO — HTTP Request: HEAD https://huggingface.co/api/resolve-cache/models/sentence-transformers/all-mpnet-base-v2/e8c3b32edf5434bc2275fc9bab85f82640a19130/config_sentence_transformers.json "HTTP/1.1 200 OK"
2026-07-13 11:22:24,579 — INFO — HTTP Request: HEAD https://huggingface.co/sentence-transformers/all-mpnet-base-v2/resolve/main/README.md "HTTP/1.1 307 Temporary Redirect"
2026-07-13 11:22:24,593 — INFO — HTTP Request: HEAD https://huggingface.co/api/resolve-cache/models/sentence-transformers/all-mpnet-base-v2/e8c3b32edf5434bc2275fc9bab85f82640a19130/README.md "HTTP/1.1 200 OK"
2026-07-13 11:22:24,697 — INFO — HTTP Request: HEAD https://huggingface.co/sentence-transformers/all-mpnet-base-v2/resolve/main/modules.json "HTTP/1.1 307 Temporary Redirect"
2026-07-13 11:22:24,712 — INFO — HTTP Request: HEAD https://huggingface.co/api/resolve-cache/models/sentence-transformers/all-mpnet-base-v2/e8c3b32edf5434bc2275fc9bab85f82640a19130/modules.json "HTTP/1.1 200 OK"
2026-07-13 11:22:24,818 — INFO — HTTP Request: HEAD https://huggingface.co/sentence-transformers/all-mpnet-base-v2/resolve/main/sentence_bert_config.json "HTTP/1.1 307 Temporary Redirect"
2026-07-13 11:22:24,830 — INFO — HTTP Request: HEAD https://huggingface.co/api/resolve-cache/models/sentence-transformers/all-mpnet-base-v2/e8c3b32edf5434bc2275fc9bab85f82640a19130/sentence_bert_config.json "HTTP/1.1 200 OK"
2026-07-13 11:22:24,934 — INFO — HTTP Request: HEAD https://huggingface.co/sentence-transformers/all-mpnet-base-v2/resolve/main/adapter_config.json "HTTP/1.1 404 Not Found"
2026-07-13 11:22:25,035 — INFO — HTTP Request: HEAD https://huggingface.co/sentence-transformers/all-mpnet-base-v2/resolve/main/config.json "HTTP/1.1 307 Temporary Redirect"
2026-07-13 11:22:25,050 — INFO — HTTP Request: HEAD https://huggingface.co/api/resolve-cache/models/sentence-transformers/all-mpnet-base-v2/e8c3b32edf5434bc2275fc9bab85f82640a19130/config.json "HTTP/1.1 200 OK"
2026-07-13 11:22:25,274 — INFO — HTTP Request: HEAD https://huggingface.co/sentence-transformers/all-mpnet-base-v2/resolve/main/processor_config.json "HTTP/1.1 404 Not Found"
2026-07-13 11:22:25,373 — INFO — HTTP Request: HEAD https://huggingface.co/sentence-transformers/all-mpnet-base-v2/resolve/main/preprocessor_config.json "HTTP/1.1 404 Not Found"
2026-07-13 11:22:25,477 — INFO — HTTP Request: HEAD https://huggingface.co/sentence-transformers/all-mpnet-base-v2/resolve/main/video_preprocessor_config.json "HTTP/1.1 404 Not Found"
2026-07-13 11:22:25,576 — INFO — HTTP Request: HEAD https://huggingface.co/sentence-transformers/all-mpnet-base-v2/resolve/main/preprocessor_config.json "HTTP/1.1 404 Not Found"
2026-07-13 11:22:25,684 — INFO — HTTP Request: HEAD https://huggingface.co/sentence-transformers/all-mpnet-base-v2/resolve/main/tokenizer_config.json "HTTP/1.1 307 Temporary Redirect"
2026-07-13 11:22:25,699 — INFO — HTTP Request: HEAD https://huggingface.co/api/resolve-cache/models/sentence-transformers/all-mpnet-base-v2/e8c3b32edf5434bc2275fc9bab85f82640a19130/tokenizer_config.json "HTTP/1.1 200 OK"
2026-07-13 11:22:25,807 — INFO — HTTP Request: HEAD https://huggingface.co/sentence-transformers/all-mpnet-base-v2/resolve/main/config.json "HTTP/1.1 307 Temporary Redirect"
2026-07-13 11:22:25,818 — INFO — HTTP Request: HEAD https://huggingface.co/api/resolve-cache/models/sentence-transformers/all-mpnet-base-v2/e8c3b32edf5434bc2275fc9bab85f82640a19130/config.json "HTTP/1.1 200 OK"
2026-07-13 11:22:25,918 — INFO — HTTP Request: HEAD https://huggingface.co/sentence-transformers/all-mpnet-base-v2/resolve/main/config.json "HTTP/1.1 307 Temporary Redirect"
2026-07-13 11:22:25,932 — INFO — HTTP Request: HEAD https://huggingface.co/api/resolve-cache/models/sentence-transformers/all-mpnet-base-v2/e8c3b32edf5434bc2275fc9bab85f82640a19130/config.json "HTTP/1.1 200 OK"
2026-07-13 11:22:26,045 — INFO — HTTP Request: HEAD https://huggingface.co/sentence-transformers/all-mpnet-base-v2/resolve/main/tokenizer_config.json "HTTP/1.1 307 Temporary Redirect"
2026-07-13 11:22:26,058 — INFO — HTTP Request: HEAD https://huggingface.co/api/resolve-cache/models/sentence-transformers/all-mpnet-base-v2/e8c3b32edf5434bc2275fc9bab85f82640a19130/tokenizer_config.json "HTTP/1.1 200 OK"
2026-07-13 11:22:26,261 — INFO — HTTP Request: GET https://huggingface.co/api/models/sentence-transformers/all-mpnet-base-v2/tree/main/additional_chat_templates?recursive=false&expand=false "HTTP/1.1 404 Not Found"
2026-07-13 11:22:26,372 — INFO — HTTP Request: GET https://huggingface.co/api/models/sentence-transformers/all-mpnet-base-v2/tree/main?recursive=true&expand=false "HTTP/1.1 200 OK"
2026-07-13 11:22:26,524 — INFO — HTTP Request: HEAD https://huggingface.co/sentence-transformers/all-mpnet-base-v2/resolve/main/1_Pooling/config.json "HTTP/1.1 307 Temporary Redirect"
2026-07-13 11:22:26,537 — INFO — HTTP Request: HEAD https://huggingface.co/api/resolve-cache/models/sentence-transformers/all-mpnet-base-v2/e8c3b32edf5434bc2275fc9bab85f82640a19130/1_Pooling%2Fconfig.json "HTTP/1.1 200 OK"
2026-07-13 11:22:26,644 — INFO — HTTP Request: GET https://huggingface.co/api/models/sentence-transformers/all-mpnet-base-v2 "HTTP/1.1 200 OK"
2026-07-13 11:22:27,825 — INFO — Models loaded ✓
2026-07-13 11:22:27,825 — INFO — Generating embeddings...
2026-07-13 11:22:47,510 — INFO — Classification complete — method breakdown:
2026-07-13 11:22:47,513 — INFO — prediction_method
svm             2819
svm_low_conf    1782
fallback         519
2026-07-13 11:22:47,513 — INFO — ============================================================
2026-07-13 11:22:47,513 — INFO — STEP 4 — ABSA
2026-07-13 11:22:47,513 — INFO — ============================================================
2026-07-13 11:22:47,513 — INFO — Using device: MPS
2026-07-13 11:22:47,513 — INFO — Loading ABSA model...
2026-07-13 11:22:47,645 — INFO — HTTP Request: HEAD https://huggingface.co/yangheng/deberta-v3-base-absa-v1.1/resolve/main/config.json "HTTP/1.1 307 Temporary Redirect"
2026-07-13 11:22:47,656 — INFO — HTTP Request: HEAD https://huggingface.co/api/resolve-cache/models/yangheng/deberta-v3-base-absa-v1.1/10c9dff335a44073e1352360c3a7bc54dc58eb01/config.json "HTTP/1.1 200 OK"
2026-07-13 11:22:47,900 — INFO — HTTP Request: GET https://huggingface.co/api/models/yangheng/deberta-v3-base-absa-v1.1/tree/main/additional_chat_templates?recursive=false&expand=false "HTTP/1.1 404 Not Found"
2026-07-13 11:22:48,075 — INFO — HTTP Request: GET https://huggingface.co/api/models/yangheng/deberta-v3-base-absa-v1.1/tree/main?recursive=true&expand=false "HTTP/1.1 200 OK"
2026-07-13 11:22:48,504 — INFO — HTTP Request: GET https://huggingface.co/api/models/yangheng/deberta-v3-base-absa-v1.1 "HTTP/1.1 200 OK"
2026-07-13 11:22:50,235 — INFO — ABSA model loaded ✓
2026-07-13 11:22:50,248 — INFO — Word count distribution:
count    5120.000000
mean       18.930469
std        21.931544
min         0.000000
25%         5.000000
50%        12.000000
75%        25.000000
max       336.000000
Name: Feedback_clean, dtype: float64
2026-07-13 11:22:50,248 — INFO — Reviews with >= 2 words: 4806
2026-07-13 11:22:50,248 — INFO — Reviews with >= 5 words: 3996
2026-07-13 11:22:50,260 — INFO — Using 'Feedback' column for ABSA (avg 19.1 words vs 18.9 clean)
2026-07-13 11:22:50,269 — INFO — Running ABSA on 4808 reviews (using column: Feedback)
2026-07-13 11:22:50,270 — INFO —   ABSA progress: 0/4808
2026-07-13 11:23:10,430 — INFO —   ABSA progress: 100/4808
2026-07-13 11:23:25,963 — INFO —   ABSA progress: 200/4808
2026-07-13 11:23:40,235 — INFO —   ABSA progress: 300/4808
2026-07-13 11:23:53,389 — INFO —   ABSA progress: 400/4808
2026-07-13 11:24:09,757 — INFO —   ABSA progress: 500/4808
2026-07-13 11:24:26,011 — INFO —   ABSA progress: 600/4808
2026-07-13 11:24:42,072 — INFO —   ABSA progress: 700/4808
2026-07-13 11:24:58,148 — INFO —   ABSA progress: 800/4808
2026-07-13 11:25:14,093 — INFO —   ABSA progress: 900/4808
2026-07-13 11:25:30,280 — INFO —   ABSA progress: 1000/4808
2026-07-13 11:25:45,288 — INFO —   ABSA progress: 1100/4808
2026-07-13 11:26:00,018 — INFO —   ABSA progress: 1200/4808
2026-07-13 11:26:13,744 — INFO —   ABSA progress: 1300/4808
2026-07-13 11:26:29,588 — INFO —   ABSA progress: 1400/4808
2026-07-13 11:26:46,121 — INFO —   ABSA progress: 1500/4808
2026-07-13 11:27:01,227 — INFO —   ABSA progress: 1600/4808
2026-07-13 11:27:17,467 — INFO —   ABSA progress: 1700/4808
2026-07-13 11:27:34,327 — INFO —   ABSA progress: 1800/4808
2026-07-13 11:27:48,964 — INFO —   ABSA progress: 1900/4808
2026-07-13 11:28:04,359 — INFO —   ABSA progress: 2000/4808
2026-07-13 11:28:23,070 — INFO —   ABSA progress: 2100/4808
2026-07-13 11:28:39,068 — INFO —   ABSA progress: 2200/4808
2026-07-13 11:28:55,141 — INFO —   ABSA progress: 2300/4808
2026-07-13 11:29:11,482 — INFO —   ABSA progress: 2400/4808
2026-07-13 11:29:26,941 — INFO —   ABSA progress: 2500/4808
2026-07-13 11:29:44,633 — INFO —   ABSA progress: 2600/4808
2026-07-13 11:29:59,586 — INFO —   ABSA progress: 2700/4808
2026-07-13 11:30:14,581 — INFO —   ABSA progress: 2800/4808
2026-07-13 11:30:29,393 — INFO —   ABSA progress: 2900/4808
2026-07-13 11:30:42,958 — INFO —   ABSA progress: 3000/4808
2026-07-13 11:30:57,433 — INFO —   ABSA progress: 3100/4808
2026-07-13 11:31:11,577 — INFO —   ABSA progress: 3200/4808
2026-07-13 11:31:26,615 — INFO —   ABSA progress: 3300/4808
2026-07-13 11:31:42,702 — INFO —   ABSA progress: 3400/4808
2026-07-13 11:31:57,651 — INFO —   ABSA progress: 3500/4808
2026-07-13 11:32:13,063 — INFO —   ABSA progress: 3600/4808
2026-07-13 11:32:26,647 — INFO —   ABSA progress: 3700/4808
2026-07-13 11:32:41,601 — INFO —   ABSA progress: 3800/4808
2026-07-13 11:32:56,340 — INFO —   ABSA progress: 3900/4808
2026-07-13 11:33:10,221 — INFO —   ABSA progress: 4000/4808
2026-07-13 11:33:26,038 — INFO —   ABSA progress: 4100/4808
2026-07-13 11:33:40,127 — INFO —   ABSA progress: 4200/4808
2026-07-13 11:33:54,084 — INFO —   ABSA progress: 4300/4808
2026-07-13 11:34:09,323 — INFO —   ABSA progress: 4400/4808
2026-07-13 11:34:24,644 — INFO —   ABSA progress: 4500/4808
2026-07-13 11:34:39,487 — INFO —   ABSA progress: 4600/4808
2026-07-13 11:34:54,983 — INFO —   ABSA progress: 4700/4808
2026-07-13 11:35:11,493 — INFO —   ABSA progress: 4800/4808
2026-07-13 11:35:13,189 — INFO — ABSA complete ✓
2026-07-13 11:35:13,190 — INFO — Sentiment distribution: {'negative': 2439, 'positive': 1858, 'neutral': 823}
2026-07-13 11:35:13,331 — INFO — ============================================================
2026-07-13 11:35:13,331 — INFO — STEP 5 — Entity extraction
2026-07-13 11:35:13,331 — INFO — ============================================================
2026-07-13 11:35:13,605 — INFO — spaCy model loaded ✓
2026-07-13 11:35:13,610 — INFO —   Entity progress: 0/5120
2026-07-13 11:35:13,662 — INFO —   Entity progress: 500/5120
2026-07-13 11:35:13,708 — INFO —   Entity progress: 1000/5120
2026-07-13 11:35:13,754 — INFO —   Entity progress: 1500/5120
2026-07-13 11:35:13,799 — INFO —   Entity progress: 2000/5120
2026-07-13 11:35:13,844 — INFO —   Entity progress: 2500/5120
2026-07-13 11:35:13,889 — INFO —   Entity progress: 3000/5120
2026-07-13 11:35:13,933 — INFO —   Entity progress: 3500/5120
2026-07-13 11:35:13,979 — INFO —   Entity progress: 4000/5120
2026-07-13 11:35:14,022 — INFO —   Entity progress: 4500/5120
2026-07-13 11:35:14,068 — INFO —   Entity progress: 5000/5120
2026-07-13 11:35:14,080 — INFO — Entity extraction complete ✓
2026-07-13 11:35:14,082 — INFO — ============================================================
2026-07-13 11:35:14,082 — INFO — STEP 6 — Save outputs
2026-07-13 11:35:14,082 — INFO — ============================================================
2026-07-13 11:35:14,084 — INFO — Created new master file — 5120 records
2026-07-13 11:35:16,593 — INFO — Saved: results.xlsx
2026-07-13 11:35:20,434 — INFO — Saved: research_output.xlsx
2026-07-13 11:35:21,198 — INFO — Saved: product_output.xlsx
2026-07-13 11:35:21,222 — INFO — Saved: leadership_output.xlsx
2026-07-13 11:35:21,222 — INFO — All outputs saved ✓
2026-07-13 11:35:23,331 — INFO — Dashboard regenerated ✓
2026-07-13 11:35:23,331 — INFO — ============================================================
2026-07-13 11:35:23,331 — INFO — PIPELINE COMPLETE — 12726 new reviews processed
2026-07-13 11:35:23,331 — INFO — Master file now contains 5120 reviews
2026-07-13 11:35:23,331 — INFO — Outputs: outputs/latest/ and outputs/archive/2026-07-13/
2026-07-13 11:35:23,331 — INFO — ============================================================
2026-07-13 12:24:22,040 — INFO — ============================================================
2026-07-13 12:24:22,042 — INFO — PIPELINE START — 2026-07-13 12:24:22
2026-07-13 12:24:22,042 — INFO — ============================================================
2026-07-13 12:24:22,042 — INFO — ============================================================
2026-07-13 12:24:22,042 — INFO — STEP 1 — Ingest & deduplicate
2026-07-13 12:24:22,042 — INFO — ============================================================
2026-07-13 12:24:22,043 — INFO — Attempting to fetch responses directly from SurveyMonkey API...
2026-07-13 12:24:22,043 — INFO — Fetching question metadata for survey 525214484...
2026-07-13 12:24:22,938 — INFO — Mapped 3 questions for survey 525214484
2026-07-13 12:24:22,946 — INFO — Fetching responses for survey 525214484...
2026-07-13 12:24:24,440 — INFO —   Fetched 100 responses so far...
2026-07-13 12:24:25,990 — INFO —   Fetched 200 responses so far...
2026-07-13 12:24:27,441 — INFO —   Fetched 300 responses so far...
2026-07-13 12:24:29,006 — INFO —   Fetched 400 responses so far...
2026-07-13 12:24:30,733 — INFO —   Fetched 500 responses so far...
2026-07-13 12:24:32,278 — INFO —   Fetched 600 responses so far...
2026-07-13 12:24:33,802 — INFO —   Fetched 700 responses so far...
2026-07-13 12:24:35,344 — INFO —   Fetched 800 responses so far...
2026-07-13 12:24:36,884 — INFO —   Fetched 900 responses so far...
2026-07-13 12:24:38,534 — INFO —   Fetched 1000 responses so far...
2026-07-13 12:24:40,066 — INFO —   Fetched 1100 responses so far...
2026-07-13 12:24:41,551 — INFO —   Fetched 1200 responses so far...
2026-07-13 12:24:42,552 — INFO —   Fetched 1300 responses so far...
2026-07-13 12:24:44,161 — INFO —   Fetched 1400 responses so far...
2026-07-13 12:24:45,765 — INFO —   Fetched 1500 responses so far...
2026-07-13 12:24:47,393 — INFO —   Fetched 1600 responses so far...
2026-07-13 12:24:48,378 — INFO —   Fetched 1700 responses so far...
2026-07-13 12:24:49,967 — INFO —   Fetched 1800 responses so far...
2026-07-13 12:24:51,718 — INFO —   Fetched 1900 responses so far...
2026-07-13 12:24:52,793 — INFO —   Fetched 2000 responses so far...
2026-07-13 12:24:54,343 — INFO —   Fetched 2100 responses so far...
2026-07-13 12:24:55,928 — INFO —   Fetched 2200 responses so far...
2026-07-13 12:24:57,517 — INFO —   Fetched 2300 responses so far...
2026-07-13 12:24:59,091 — INFO —   Fetched 2400 responses so far...
2026-07-13 12:25:00,591 — INFO —   Fetched 2500 responses so far...
2026-07-13 12:25:02,053 — INFO —   Fetched 2600 responses so far...
2026-07-13 12:25:03,091 — INFO —   Fetched 2700 responses so far...
2026-07-13 12:25:04,102 — INFO —   Fetched 2800 responses so far...
2026-07-13 12:25:05,616 — INFO —   Fetched 2900 responses so far...
2026-07-13 12:25:06,506 — INFO —   Fetched 3000 responses so far...
2026-07-13 12:25:07,589 — INFO —   Fetched 3100 responses so far...
2026-07-13 12:25:09,250 — INFO —   Fetched 3200 responses so far...
2026-07-13 12:25:10,259 — INFO —   Fetched 3300 responses so far...
2026-07-13 12:25:11,844 — INFO —   Fetched 3400 responses so far...
2026-07-13 12:25:13,404 — INFO —   Fetched 3500 responses so far...
2026-07-13 12:25:15,065 — INFO —   Fetched 3600 responses so far...
2026-07-13 12:25:16,588 — INFO —   Fetched 3700 responses so far...
2026-07-13 12:25:18,202 — INFO —   Fetched 3800 responses so far...
2026-07-13 12:25:19,725 — INFO —   Fetched 3900 responses so far...
2026-07-13 12:25:21,326 — INFO —   Fetched 4000 responses so far...
2026-07-13 12:25:22,307 — INFO —   Fetched 4100 responses so far...
2026-07-13 12:25:23,360 — INFO —   Fetched 4200 responses so far...
2026-07-13 12:25:24,986 — INFO —   Fetched 4300 responses so far...
2026-07-13 12:25:26,574 — INFO —   Fetched 4400 responses so far...
2026-07-13 12:25:27,609 — INFO —   Fetched 4500 responses so far...
2026-07-13 12:25:28,505 — INFO —   Fetched 4600 responses so far...
2026-07-13 12:25:29,810 — INFO —   Fetched 4700 responses so far...
2026-07-13 12:25:31,350 — INFO —   Fetched 4800 responses so far...
2026-07-13 12:25:32,967 — INFO —   Fetched 4900 responses so far...
2026-07-13 12:25:34,511 — INFO —   Fetched 5000 responses so far...
2026-07-13 12:25:36,303 — INFO —   Fetched 5100 responses so far...
2026-07-13 12:25:37,339 — INFO —   Fetched 5200 responses so far...
2026-07-13 12:25:38,965 — INFO —   Fetched 5300 responses so far...
2026-07-13 12:25:40,593 — INFO —   Fetched 5400 responses so far...
2026-07-13 12:25:42,234 — INFO —   Fetched 5500 responses so far...
2026-07-13 12:25:43,799 — INFO —   Fetched 5600 responses so far...
2026-07-13 12:25:44,866 — INFO —   Fetched 5700 responses so far...
2026-07-13 12:25:46,334 — INFO —   Fetched 5800 responses so far...
2026-07-13 12:25:47,870 — INFO —   Fetched 5900 responses so far...
2026-07-13 12:25:49,446 — INFO —   Fetched 6000 responses so far...
2026-07-13 12:25:51,027 — INFO —   Fetched 6100 responses so far...
2026-07-13 12:25:52,093 — INFO —   Fetched 6200 responses so far...
2026-07-13 12:25:53,730 — INFO —   Fetched 6300 responses so far...
2026-07-13 12:25:55,392 — INFO —   Fetched 6400 responses so far...
2026-07-13 12:25:56,834 — INFO —   Fetched 6500 responses so far...
2026-07-13 12:25:58,370 — INFO —   Fetched 6600 responses so far...
2026-07-13 12:25:59,407 — INFO —   Fetched 6700 responses so far...
2026-07-13 12:26:01,053 — INFO —   Fetched 6800 responses so far...
2026-07-13 12:26:02,069 — INFO —   Fetched 6900 responses so far...
2026-07-13 12:26:03,090 — INFO —   Fetched 7000 responses so far...
2026-07-13 12:26:04,220 — INFO —   Fetched 7100 responses so far...
2026-07-13 12:26:05,268 — INFO —   Fetched 7200 responses so far...
2026-07-13 12:26:06,846 — INFO —   Fetched 7300 responses so far...
2026-07-13 12:26:07,808 — INFO —   Fetched 7400 responses so far...
2026-07-13 12:26:09,458 — INFO —   Fetched 7500 responses so far...
2026-07-13 12:26:10,441 — INFO —   Fetched 7600 responses so far...
2026-07-13 12:26:11,749 — INFO —   Fetched 7700 responses so far...
2026-07-13 12:26:13,329 — INFO —   Fetched 7800 responses so far...
2026-07-13 12:26:14,797 — INFO —   Fetched 7900 responses so far...
2026-07-13 12:26:16,308 — INFO —   Fetched 8000 responses so far...
2026-07-13 12:26:17,548 — INFO —   Fetched 8100 responses so far...
2026-07-13 12:26:18,589 — INFO —   Fetched 8200 responses so far...
2026-07-13 12:26:19,599 — INFO —   Fetched 8300 responses so far...
2026-07-13 12:26:20,768 — INFO —   Fetched 8400 responses so far...
2026-07-13 12:26:21,753 — INFO —   Fetched 8500 responses so far...
2026-07-13 12:26:22,755 — INFO —   Fetched 8600 responses so far...
2026-07-13 12:26:23,817 — INFO —   Fetched 8700 responses so far...
2026-07-13 12:26:24,910 — INFO —   Fetched 8800 responses so far...
2026-07-13 12:26:26,405 — INFO —   Fetched 8900 responses so far...
2026-07-13 12:26:27,951 — INFO —   Fetched 9000 responses so far...
2026-07-13 12:26:29,010 — INFO —   Fetched 9100 responses so far...
2026-07-13 12:26:30,551 — INFO —   Fetched 9200 responses so far...
2026-07-13 12:26:32,094 — INFO —   Fetched 9300 responses so far...
2026-07-13 12:26:33,549 — INFO —   Fetched 9400 responses so far...
2026-07-13 12:26:35,181 — INFO —   Fetched 9500 responses so far...
2026-07-13 12:26:36,169 — INFO —   Fetched 9600 responses so far...
2026-07-13 12:26:37,769 — INFO —   Fetched 9700 responses so far...
2026-07-13 12:26:39,422 — INFO —   Fetched 9800 responses so far...
2026-07-13 12:26:41,000 — INFO —   Fetched 9900 responses so far...
2026-07-13 12:26:42,018 — INFO —   Fetched 10000 responses so far...
2026-07-13 12:26:43,648 — INFO —   Fetched 10100 responses so far...
2026-07-13 12:26:44,663 — INFO —   Fetched 10200 responses so far...
2026-07-13 12:26:46,365 — INFO —   Fetched 10300 responses so far...
2026-07-13 12:26:47,431 — INFO —   Fetched 10400 responses so far...
2026-07-13 12:26:49,027 — INFO —   Fetched 10500 responses so far...
2026-07-13 12:26:50,595 — INFO —   Fetched 10600 responses so far...
2026-07-13 12:26:52,212 — INFO —   Fetched 10700 responses so far...
2026-07-13 12:26:53,508 — INFO —   Fetched 10800 responses so far...
2026-07-13 12:26:55,059 — INFO —   Fetched 10900 responses so far...
2026-07-13 12:26:56,235 — INFO —   Fetched 11000 responses so far...
2026-07-13 12:26:57,260 — INFO —   Fetched 11100 responses so far...
2026-07-13 12:26:58,202 — INFO —   Fetched 11200 responses so far...
2026-07-13 12:26:59,757 — INFO —   Fetched 11300 responses so far...
2026-07-13 12:27:01,348 — INFO —   Fetched 11400 responses so far...
2026-07-13 12:27:02,891 — INFO —   Fetched 11500 responses so far...
2026-07-13 12:27:04,528 — INFO —   Fetched 11600 responses so far...
2026-07-13 12:27:06,266 — INFO —   Fetched 11700 responses so far...
2026-07-13 12:27:07,784 — INFO —   Fetched 11800 responses so far...
2026-07-13 12:27:09,374 — INFO —   Fetched 11900 responses so far...
2026-07-13 12:27:10,915 — INFO —   Fetched 12000 responses so far...
2026-07-13 12:27:12,500 — INFO —   Fetched 12100 responses so far...
2026-07-13 12:27:14,155 — INFO —   Fetched 12200 responses so far...
2026-07-13 12:27:15,802 — INFO —   Fetched 12300 responses so far...
2026-07-13 12:27:16,870 — INFO —   Fetched 12400 responses so far...
2026-07-13 12:27:18,438 — INFO —   Fetched 12500 responses so far...
2026-07-13 12:27:19,976 — INFO —   Fetched 12600 responses so far...
2026-07-13 12:27:20,914 — INFO —   Fetched 12700 responses so far...
2026-07-13 12:27:22,237 — INFO —   Fetched 12729 responses so far...
2026-07-13 12:27:22,237 — INFO — Retrieved 12729 total responses for survey 525214484
2026-07-13 12:27:22,276 — INFO — Flattened to DataFrame: 12729 rows, columns: ['Respondent ID', 'Start Date', 'Rate your experience', 'Is there anything you would like to tell us about your experience?']
2026-07-13 12:27:22,286 — INFO — Loaded 12729 reviews via SurveyMonkey API
2026-07-13 12:27:22,296 — INFO — Found 5120 previously processed IDs
2026-07-13 12:27:22,302 — INFO — New reviews to process: 7609 (source: api)
2026-07-13 12:27:22,319 — INFO — ============================================================
2026-07-13 12:27:22,319 — INFO — STEP 2 — External preprocessing (preprocessing.py)
2026-07-13 12:27:22,319 — INFO — ============================================================
2026-07-13 12:27:22,319 — INFO — Columns before preprocessing: ['Respondent ID', 'Start Date', 'Rate your experience', 'Is there anything you would like to tell us about your experience?']
2026-07-13 12:27:22,319 — INFO — Rows before preprocessing: 7609
2026-07-13 12:27:22,329 — INFO — Columns after preprocessing: ['Respondent ID', 'Start Date', 'Rating', 'Feedback', 'Feedback_clean']
2026-07-13 12:27:22,329 — INFO — Rows after preprocessing: 2
2026-07-13 12:27:22,329 — INFO — Non-null Feedback_clean: 2
2026-07-13 12:27:22,329 — INFO — Sample: ['easy to follow instructions', 'when i submitted this application on friday the regulation 3 procedural exemptions was missing so this application went to lincoln city council rather than to lincolnshire county council this tick box is back today so it should go to lincolnshire']
2026-07-13 12:27:22,329 — INFO — Preprocessing complete ✓
2026-07-13 12:27:22,329 — INFO — ============================================================
2026-07-13 12:27:22,329 — INFO — STEP 3 — Classify
2026-07-13 12:27:22,330 — INFO — ============================================================
2026-07-13 12:27:22,333 — INFO — Loading SVM model...
2026-07-13 12:27:22,342 — INFO — No device provided, using mps
2026-07-13 12:27:22,498 — INFO — HTTP Request: HEAD https://huggingface.co/sentence-transformers/all-mpnet-base-v2/resolve/main/modules.json "HTTP/1.1 307 Temporary Redirect"
2026-07-13 12:27:22,499 — WARNING — Warning: You are sending unauthenticated requests to the HF Hub. Please set a HF_TOKEN to enable higher rate limits and faster downloads.
2026-07-13 12:27:22,510 — INFO — HTTP Request: HEAD https://huggingface.co/api/resolve-cache/models/sentence-transformers/all-mpnet-base-v2/e8c3b32edf5434bc2275fc9bab85f82640a19130/modules.json "HTTP/1.1 200 OK"
2026-07-13 12:27:22,608 — INFO — HTTP Request: HEAD https://huggingface.co/sentence-transformers/all-mpnet-base-v2/resolve/main/config_sentence_transformers.json "HTTP/1.1 307 Temporary Redirect"
2026-07-13 12:27:22,619 — INFO — HTTP Request: HEAD https://huggingface.co/api/resolve-cache/models/sentence-transformers/all-mpnet-base-v2/e8c3b32edf5434bc2275fc9bab85f82640a19130/config_sentence_transformers.json "HTTP/1.1 200 OK"
2026-07-13 12:27:22,621 — INFO — Loading SentenceTransformer model from sentence-transformers/all-mpnet-base-v2.
2026-07-13 12:27:22,721 — INFO — HTTP Request: HEAD https://huggingface.co/sentence-transformers/all-mpnet-base-v2/resolve/main/config_sentence_transformers.json "HTTP/1.1 307 Temporary Redirect"
2026-07-13 12:27:22,733 — INFO — HTTP Request: HEAD https://huggingface.co/api/resolve-cache/models/sentence-transformers/all-mpnet-base-v2/e8c3b32edf5434bc2275fc9bab85f82640a19130/config_sentence_transformers.json "HTTP/1.1 200 OK"
2026-07-13 12:27:22,839 — INFO — HTTP Request: HEAD https://huggingface.co/sentence-transformers/all-mpnet-base-v2/resolve/main/README.md "HTTP/1.1 307 Temporary Redirect"
2026-07-13 12:27:22,853 — INFO — HTTP Request: HEAD https://huggingface.co/api/resolve-cache/models/sentence-transformers/all-mpnet-base-v2/e8c3b32edf5434bc2275fc9bab85f82640a19130/README.md "HTTP/1.1 200 OK"
2026-07-13 12:27:22,957 — INFO — HTTP Request: HEAD https://huggingface.co/sentence-transformers/all-mpnet-base-v2/resolve/main/modules.json "HTTP/1.1 307 Temporary Redirect"
2026-07-13 12:27:22,968 — INFO — HTTP Request: HEAD https://huggingface.co/api/resolve-cache/models/sentence-transformers/all-mpnet-base-v2/e8c3b32edf5434bc2275fc9bab85f82640a19130/modules.json "HTTP/1.1 200 OK"
2026-07-13 12:27:23,069 — INFO — HTTP Request: HEAD https://huggingface.co/sentence-transformers/all-mpnet-base-v2/resolve/main/sentence_bert_config.json "HTTP/1.1 307 Temporary Redirect"
2026-07-13 12:27:23,081 — INFO — HTTP Request: HEAD https://huggingface.co/api/resolve-cache/models/sentence-transformers/all-mpnet-base-v2/e8c3b32edf5434bc2275fc9bab85f82640a19130/sentence_bert_config.json "HTTP/1.1 200 OK"
2026-07-13 12:27:23,217 — INFO — HTTP Request: HEAD https://huggingface.co/sentence-transformers/all-mpnet-base-v2/resolve/main/adapter_config.json "HTTP/1.1 404 Not Found"
2026-07-13 12:27:23,323 — INFO — HTTP Request: HEAD https://huggingface.co/sentence-transformers/all-mpnet-base-v2/resolve/main/config.json "HTTP/1.1 307 Temporary Redirect"
2026-07-13 12:27:23,336 — INFO — HTTP Request: HEAD https://huggingface.co/api/resolve-cache/models/sentence-transformers/all-mpnet-base-v2/e8c3b32edf5434bc2275fc9bab85f82640a19130/config.json "HTTP/1.1 200 OK"
2026-07-13 12:27:23,619 — INFO — HTTP Request: HEAD https://huggingface.co/sentence-transformers/all-mpnet-base-v2/resolve/main/processor_config.json "HTTP/1.1 404 Not Found"
2026-07-13 12:27:23,719 — INFO — HTTP Request: HEAD https://huggingface.co/sentence-transformers/all-mpnet-base-v2/resolve/main/preprocessor_config.json "HTTP/1.1 404 Not Found"
2026-07-13 12:27:23,817 — INFO — HTTP Request: HEAD https://huggingface.co/sentence-transformers/all-mpnet-base-v2/resolve/main/video_preprocessor_config.json "HTTP/1.1 404 Not Found"
2026-07-13 12:27:23,924 — INFO — HTTP Request: HEAD https://huggingface.co/sentence-transformers/all-mpnet-base-v2/resolve/main/preprocessor_config.json "HTTP/1.1 404 Not Found"
2026-07-13 12:27:24,042 — INFO — HTTP Request: HEAD https://huggingface.co/sentence-transformers/all-mpnet-base-v2/resolve/main/tokenizer_config.json "HTTP/1.1 307 Temporary Redirect"
2026-07-13 12:27:24,055 — INFO — HTTP Request: HEAD https://huggingface.co/api/resolve-cache/models/sentence-transformers/all-mpnet-base-v2/e8c3b32edf5434bc2275fc9bab85f82640a19130/tokenizer_config.json "HTTP/1.1 200 OK"
2026-07-13 12:27:24,160 — INFO — HTTP Request: HEAD https://huggingface.co/sentence-transformers/all-mpnet-base-v2/resolve/main/config.json "HTTP/1.1 307 Temporary Redirect"
2026-07-13 12:27:24,172 — INFO — HTTP Request: HEAD https://huggingface.co/api/resolve-cache/models/sentence-transformers/all-mpnet-base-v2/e8c3b32edf5434bc2275fc9bab85f82640a19130/config.json "HTTP/1.1 200 OK"
2026-07-13 12:27:24,276 — INFO — HTTP Request: HEAD https://huggingface.co/sentence-transformers/all-mpnet-base-v2/resolve/main/config.json "HTTP/1.1 307 Temporary Redirect"
2026-07-13 12:27:24,291 — INFO — HTTP Request: HEAD https://huggingface.co/api/resolve-cache/models/sentence-transformers/all-mpnet-base-v2/e8c3b32edf5434bc2275fc9bab85f82640a19130/config.json "HTTP/1.1 200 OK"
2026-07-13 12:27:24,411 — INFO — HTTP Request: HEAD https://huggingface.co/sentence-transformers/all-mpnet-base-v2/resolve/main/tokenizer_config.json "HTTP/1.1 307 Temporary Redirect"
2026-07-13 12:27:24,424 — INFO — HTTP Request: HEAD https://huggingface.co/api/resolve-cache/models/sentence-transformers/all-mpnet-base-v2/e8c3b32edf5434bc2275fc9bab85f82640a19130/tokenizer_config.json "HTTP/1.1 200 OK"
2026-07-13 12:27:24,531 — INFO — HTTP Request: GET https://huggingface.co/api/models/sentence-transformers/all-mpnet-base-v2/tree/main/additional_chat_templates?recursive=false&expand=false "HTTP/1.1 404 Not Found"
2026-07-13 12:27:24,643 — INFO — HTTP Request: GET https://huggingface.co/api/models/sentence-transformers/all-mpnet-base-v2/tree/main?recursive=true&expand=false "HTTP/1.1 200 OK"
2026-07-13 12:27:24,792 — INFO — HTTP Request: HEAD https://huggingface.co/sentence-transformers/all-mpnet-base-v2/resolve/main/1_Pooling/config.json "HTTP/1.1 307 Temporary Redirect"
2026-07-13 12:27:24,804 — INFO — HTTP Request: HEAD https://huggingface.co/api/resolve-cache/models/sentence-transformers/all-mpnet-base-v2/e8c3b32edf5434bc2275fc9bab85f82640a19130/1_Pooling%2Fconfig.json "HTTP/1.1 200 OK"
2026-07-13 12:27:24,908 — INFO — HTTP Request: GET https://huggingface.co/api/models/sentence-transformers/all-mpnet-base-v2 "HTTP/1.1 200 OK"
2026-07-13 12:27:26,104 — INFO — Models loaded ✓
2026-07-13 12:27:26,105 — INFO — Generating embeddings...
2026-07-13 12:27:28,446 — INFO — Classification complete — method breakdown:
2026-07-13 12:27:28,449 — INFO — prediction_method
svm         1
fallback    1
2026-07-13 12:27:28,449 — INFO — ============================================================
2026-07-13 12:27:28,449 — INFO — STEP 4 — ABSA
2026-07-13 12:27:28,449 — INFO — ============================================================
2026-07-13 12:27:28,449 — INFO — Using device: MPS
2026-07-13 12:27:28,449 — INFO — Loading ABSA model...
2026-07-13 12:27:28,548 — INFO — HTTP Request: HEAD https://huggingface.co/yangheng/deberta-v3-base-absa-v1.1/resolve/main/config.json "HTTP/1.1 307 Temporary Redirect"
2026-07-13 12:27:28,560 — INFO — HTTP Request: HEAD https://huggingface.co/api/resolve-cache/models/yangheng/deberta-v3-base-absa-v1.1/10c9dff335a44073e1352360c3a7bc54dc58eb01/config.json "HTTP/1.1 200 OK"
2026-07-13 12:27:28,814 — INFO — HTTP Request: GET https://huggingface.co/api/models/yangheng/deberta-v3-base-absa-v1.1/tree/main/additional_chat_templates?recursive=false&expand=false "HTTP/1.1 404 Not Found"
2026-07-13 12:27:28,921 — INFO — HTTP Request: GET https://huggingface.co/api/models/yangheng/deberta-v3-base-absa-v1.1/tree/main?recursive=true&expand=false "HTTP/1.1 200 OK"
2026-07-13 12:27:29,304 — INFO — HTTP Request: GET https://huggingface.co/api/models/yangheng/deberta-v3-base-absa-v1.1 "HTTP/1.1 200 OK"
2026-07-13 12:27:30,453 — INFO — ABSA model loaded ✓
2026-07-13 12:27:30,456 — INFO — Word count distribution:
count     2.000000
mean     22.000000
std      25.455844
min       4.000000
25%      13.000000
50%      22.000000
75%      31.000000
max      40.000000
Name: Feedback_clean, dtype: float64
2026-07-13 12:27:30,457 — INFO — Reviews with >= 2 words: 2
2026-07-13 12:27:30,457 — INFO — Reviews with >= 5 words: 1
2026-07-13 12:27:30,457 — INFO — Using 'Feedback_clean' column for ABSA (avg 22.0 words)
2026-07-13 12:27:30,457 — INFO — Running ABSA on 2 reviews (using column: Feedback_clean)
2026-07-13 12:27:30,457 — INFO —   ABSA progress: 0/2
2026-07-13 12:27:31,043 — INFO — ABSA raw labels seen: {'Neutral', 'Positive'}
2026-07-13 12:27:31,043 — INFO — ABSA call failures: 0 / 8 approx calls
2026-07-13 12:27:31,053 — INFO — ABSA complete ✓
2026-07-13 12:27:31,053 — INFO — Sentiment distribution: {'positive': 1, 'neutral': 1}
2026-07-13 12:27:31,106 — INFO — ============================================================
2026-07-13 12:27:31,106 — INFO — STEP 5 — Entity extraction
2026-07-13 12:27:31,106 — INFO — ============================================================
2026-07-13 12:27:31,377 — INFO — spaCy model loaded ✓
2026-07-13 12:27:31,378 — INFO —   Entity progress: 0/2
2026-07-13 12:27:31,380 — INFO — Entity extraction complete ✓
2026-07-13 12:27:31,381 — INFO — ============================================================
2026-07-13 12:27:31,381 — INFO — STEP 6 — Save outputs
2026-07-13 12:27:31,381 — INFO — ============================================================
2026-07-13 12:27:32,115 — INFO — Appended to master — total records: 5122
2026-07-13 12:27:32,959 — INFO — Saved: results.xlsx
2026-07-13 12:27:35,535 — INFO — Saved: research_output.xlsx
2026-07-13 12:27:35,552 — INFO — Saved: product_output.xlsx
2026-07-13 12:27:35,563 — INFO — Saved: leadership_output.xlsx
2026-07-13 12:27:35,563 — INFO — All outputs saved ✓
2026-07-13 12:27:37,125 — INFO — Dashboard regenerated ✓
2026-07-13 12:27:37,126 — INFO — ============================================================
2026-07-13 12:27:37,126 — INFO — PIPELINE COMPLETE — 7609 new reviews processed
2026-07-13 12:27:37,126 — INFO — Master file now contains 5122 reviews
2026-07-13 12:27:37,126 — INFO — Outputs: outputs/latest/ and outputs/archive/2026-07-13/
2026-07-13 12:27:37,126 — INFO — ============================================================
2026-07-13 12:35:34,876 — INFO — ============================================================
2026-07-13 12:35:34,878 — INFO — PIPELINE START — 2026-07-13 12:35:34
2026-07-13 12:35:34,878 — INFO — ============================================================
2026-07-13 12:35:34,878 — INFO — ============================================================
2026-07-13 12:35:34,878 — INFO — STEP 1 — Ingest & deduplicate
2026-07-13 12:35:34,878 — INFO — ============================================================
2026-07-13 12:35:34,879 — INFO — Attempting to fetch responses directly from SurveyMonkey API...
2026-07-13 12:35:34,879 — INFO — Fetching question metadata for survey 525214484...
2026-07-13 12:35:35,602 — INFO — Mapped 3 questions for survey 525214484
2026-07-13 12:35:35,604 — INFO — Fetching responses for survey 525214484...
2026-07-13 12:35:37,073 — INFO —   Fetched 100 responses so far...
2026-07-13 12:35:38,608 — INFO —   Fetched 200 responses so far...
2026-07-13 12:35:39,606 — INFO —   Fetched 300 responses so far...
2026-07-13 12:35:41,157 — INFO —   Fetched 400 responses so far...
2026-07-13 12:35:42,776 — INFO —   Fetched 500 responses so far...
2026-07-13 12:35:44,294 — INFO —   Fetched 600 responses so far...
2026-07-13 12:35:45,593 — INFO —   Fetched 700 responses so far...
2026-07-13 12:35:47,214 — INFO —   Fetched 800 responses so far...
2026-07-13 12:35:48,829 — INFO —   Fetched 900 responses so far...
2026-07-13 12:35:50,402 — INFO —   Fetched 1000 responses so far...
2026-07-13 12:35:52,014 — INFO —   Fetched 1100 responses so far...
2026-07-13 12:35:53,606 — INFO —   Fetched 1200 responses so far...
2026-07-13 12:35:55,213 — INFO —   Fetched 1300 responses so far...
2026-07-13 12:35:56,776 — INFO —   Fetched 1400 responses so far...
2026-07-13 12:35:58,135 — INFO —   Fetched 1500 responses so far...
2026-07-13 12:35:59,693 — INFO —   Fetched 1600 responses so far...
2026-07-13 12:36:00,804 — INFO —   Fetched 1700 responses so far...
2026-07-13 12:36:01,824 — INFO —   Fetched 1800 responses so far...
2026-07-13 12:36:03,360 — INFO —   Fetched 1900 responses so far...
2026-07-13 12:36:04,472 — INFO —   Fetched 2000 responses so far...
2026-07-13 12:36:06,064 — INFO —   Fetched 2100 responses so far...
2026-07-13 12:36:07,673 — INFO —   Fetched 2200 responses so far...
2026-07-13 12:36:08,595 — INFO —   Fetched 2300 responses so far...
2026-07-13 12:36:09,714 — INFO —   Fetched 2400 responses so far...
2026-07-13 12:36:11,302 — INFO —   Fetched 2500 responses so far...
2026-07-13 12:36:12,878 — INFO —   Fetched 2600 responses so far...
2026-07-13 12:36:14,514 — INFO —   Fetched 2700 responses so far...
2026-07-13 12:36:16,146 — INFO —   Fetched 2800 responses so far...
2026-07-13 12:36:17,287 — INFO —   Fetched 2900 responses so far...
2026-07-13 12:36:18,808 — INFO —   Fetched 3000 responses so far...
2026-07-13 12:36:20,377 — INFO —   Fetched 3100 responses so far...
2026-07-13 12:36:21,414 — INFO —   Fetched 3200 responses so far...
2026-07-13 12:36:22,948 — INFO —   Fetched 3300 responses so far...
2026-07-13 12:36:24,195 — INFO —   Fetched 3400 responses so far...
2026-07-13 12:36:25,730 — INFO —   Fetched 3500 responses so far...
2026-07-13 12:36:27,280 — INFO —   Fetched 3600 responses so far...
2026-07-13 12:36:28,221 — INFO —   Fetched 3700 responses so far...
2026-07-13 12:36:29,267 — INFO —   Fetched 3800 responses so far...
2026-07-13 12:36:30,895 — INFO —   Fetched 3900 responses so far...
2026-07-13 12:36:32,158 — INFO —   Fetched 4000 responses so far...
2026-07-13 12:36:33,771 — INFO —   Fetched 4100 responses so far...
2026-07-13 12:36:35,308 — INFO —   Fetched 4200 responses so far...
2026-07-13 12:36:36,836 — INFO —   Fetched 4300 responses so far...
2026-07-13 12:36:37,838 — INFO —   Fetched 4400 responses so far...
2026-07-13 12:36:39,381 — INFO —   Fetched 4500 responses so far...
2026-07-13 12:36:40,434 — INFO —   Fetched 4600 responses so far...
2026-07-13 12:36:41,553 — INFO —   Fetched 4700 responses so far...
2026-07-13 12:36:42,628 — INFO —   Fetched 4800 responses so far...
2026-07-13 12:36:44,300 — INFO —   Fetched 4900 responses so far...
2026-07-13 12:36:45,197 — INFO —   Fetched 5000 responses so far...
2026-07-13 12:36:46,797 — INFO —   Fetched 5100 responses so far...
2026-07-13 12:36:48,345 — INFO —   Fetched 5200 responses so far...
2026-07-13 12:36:49,338 — INFO —   Fetched 5300 responses so far...
2026-07-13 12:36:50,821 — INFO —   Fetched 5400 responses so far...
2026-07-13 12:36:52,234 — INFO —   Fetched 5500 responses so far...
2026-07-13 12:36:53,286 — INFO —   Fetched 5600 responses so far...
2026-07-13 12:36:54,795 — INFO —   Fetched 5700 responses so far...
2026-07-13 12:36:56,321 — INFO —   Fetched 5800 responses so far...
2026-07-13 12:36:57,432 — INFO —   Fetched 5900 responses so far...
2026-07-13 12:36:59,084 — INFO —   Fetched 6000 responses so far...
2026-07-13 12:37:00,191 — INFO —   Fetched 6100 responses so far...
2026-07-13 12:37:01,776 — INFO —   Fetched 6200 responses so far...
2026-07-13 12:37:02,745 — INFO —   Fetched 6300 responses so far...
2026-07-13 12:37:04,275 — INFO —   Fetched 6400 responses so far...
2026-07-13 12:37:05,772 — INFO —   Fetched 6500 responses so far...
2026-07-13 12:37:06,792 — INFO —   Fetched 6600 responses so far...
2026-07-13 12:37:07,768 — INFO —   Fetched 6700 responses so far...
2026-07-13 12:37:08,793 — INFO —   Fetched 6800 responses so far...
2026-07-13 12:37:09,755 — INFO —   Fetched 6900 responses so far...
2026-07-13 12:37:11,366 — INFO —   Fetched 7000 responses so far...
2026-07-13 12:37:12,950 — INFO —   Fetched 7100 responses so far...
2026-07-13 12:37:14,475 — INFO —   Fetched 7200 responses so far...
2026-07-13 12:37:16,019 — INFO —   Fetched 7300 responses so far...
2026-07-13 12:37:17,660 — INFO —   Fetched 7400 responses so far...
2026-07-13 12:37:18,609 — INFO —   Fetched 7500 responses so far...
2026-07-13 12:37:19,812 — INFO —   Fetched 7600 responses so far...
2026-07-13 12:37:20,872 — INFO —   Fetched 7700 responses so far...
2026-07-13 12:37:22,486 — INFO —   Fetched 7800 responses so far...
2026-07-13 12:37:24,168 — INFO —   Fetched 7900 responses so far...
2026-07-13 12:37:25,195 — INFO —   Fetched 8000 responses so far...
2026-07-13 12:37:26,737 — INFO —   Fetched 8100 responses so far...
2026-07-13 12:37:27,736 — INFO —   Fetched 8200 responses so far...
2026-07-13 12:37:28,767 — INFO —   Fetched 8300 responses so far...
2026-07-13 12:37:30,306 — INFO —   Fetched 8400 responses so far...
2026-07-13 12:37:31,766 — INFO —   Fetched 8500 responses so far...
2026-07-13 12:37:33,364 — INFO —   Fetched 8600 responses so far...
2026-07-13 12:37:34,413 — INFO —   Fetched 8700 responses so far...
2026-07-13 12:37:35,407 — INFO —   Fetched 8800 responses so far...
2026-07-13 12:37:36,317 — INFO —   Fetched 8900 responses so far...
2026-07-13 12:37:37,362 — INFO —   Fetched 9000 responses so far...
2026-07-13 12:37:39,000 — INFO —   Fetched 9100 responses so far...
2026-07-13 12:37:40,501 — INFO —   Fetched 9200 responses so far...
2026-07-13 12:37:42,108 — INFO —   Fetched 9300 responses so far...
2026-07-13 12:37:43,819 — INFO —   Fetched 9400 responses so far...
2026-07-13 12:37:45,418 — INFO —   Fetched 9500 responses so far...
2026-07-13 12:37:47,010 — INFO —   Fetched 9600 responses so far...
2026-07-13 12:37:48,579 — INFO —   Fetched 9700 responses so far...
2026-07-13 12:37:49,549 — INFO —   Fetched 9800 responses so far...
2026-07-13 12:37:51,083 — INFO —   Fetched 9900 responses so far...
2026-07-13 12:37:52,101 — INFO —   Fetched 10000 responses so far...
2026-07-13 12:37:53,589 — INFO —   Fetched 10100 responses so far...
2026-07-13 12:37:55,119 — INFO —   Fetched 10200 responses so far...
2026-07-13 12:37:56,588 — INFO —   Fetched 10300 responses so far...
2026-07-13 12:37:58,158 — INFO —   Fetched 10400 responses so far...
2026-07-13 12:37:59,174 — INFO —   Fetched 10500 responses so far...
2026-07-13 12:38:00,201 — INFO —   Fetched 10600 responses so far...
2026-07-13 12:38:01,745 — INFO —   Fetched 10700 responses so far...
2026-07-13 12:38:03,319 — INFO —   Fetched 10800 responses so far...
2026-07-13 12:38:04,250 — INFO —   Fetched 10900 responses so far...
2026-07-13 12:38:05,257 — INFO —   Fetched 11000 responses so far...
2026-07-13 12:38:06,798 — INFO —   Fetched 11100 responses so far...
2026-07-13 12:38:07,774 — INFO —   Fetched 11200 responses so far...
2026-07-13 12:38:08,668 — INFO —   Fetched 11300 responses so far...
2026-07-13 12:38:10,267 — INFO —   Fetched 11400 responses so far...
2026-07-13 12:38:11,826 — INFO —   Fetched 11500 responses so far...
2026-07-13 12:38:12,898 — INFO —   Fetched 11600 responses so far...
2026-07-13 12:38:14,335 — INFO —   Fetched 11700 responses so far...
2026-07-13 12:38:15,922 — INFO —   Fetched 11800 responses so far...
2026-07-13 12:38:16,997 — INFO —   Fetched 11900 responses so far...
2026-07-13 12:38:18,519 — INFO —   Fetched 12000 responses so far...
2026-07-13 12:38:20,026 — INFO —   Fetched 12100 responses so far...
2026-07-13 12:38:21,537 — INFO —   Fetched 12200 responses so far...
2026-07-13 12:38:22,477 — INFO —   Fetched 12300 responses so far...
2026-07-13 12:38:24,038 — INFO —   Fetched 12400 responses so far...
2026-07-13 12:38:25,014 — INFO —   Fetched 12500 responses so far...
2026-07-13 12:38:26,105 — INFO —   Fetched 12600 responses so far...
2026-07-13 12:38:27,621 — INFO —   Fetched 12700 responses so far...
2026-07-13 12:38:28,561 — INFO —   Fetched 12731 responses so far...
2026-07-13 12:38:28,562 — INFO — Retrieved 12731 total responses for survey 525214484
2026-07-13 12:38:28,617 — INFO — Flattened to DataFrame: 12731 rows, columns: ['Respondent ID', 'Start Date', 'Rate your experience', 'Is there anything you would like to tell us about your experience?']
2026-07-13 12:38:28,628 — INFO — Loaded 12731 reviews via SurveyMonkey API
2026-07-13 12:38:28,636 — INFO — Found 5122 previously processed IDs
2026-07-13 12:38:28,641 — INFO — New reviews to process: 7609 (source: api)
2026-07-13 12:38:28,652 — INFO — ============================================================
2026-07-13 12:38:28,652 — INFO — STEP 2 — External preprocessing (preprocessing.py)
2026-07-13 12:38:28,652 — INFO — ============================================================
2026-07-13 12:38:28,652 — INFO — Columns before preprocessing: ['Respondent ID', 'Start Date', 'Rate your experience', 'Is there anything you would like to tell us about your experience?']
2026-07-13 12:38:28,652 — INFO — Rows before preprocessing: 7609
2026-07-13 12:38:28,659 — INFO — Columns after preprocessing: ['Respondent ID', 'Start Date', 'Rating', 'Feedback', 'Feedback_clean']
2026-07-13 12:38:28,660 — INFO — Rows after preprocessing: 1
2026-07-13 12:38:28,660 — INFO — Non-null Feedback_clean: 1
2026-07-13 12:38:28,660 — INFO — Sample: ['the instructions for box that that requests referencing the files to be uploaded is not really necessary and it was not clear to me that you had to list them rather then drag and drp them inot the box there is also a grammatical error in the instructions acompanyint this box']
2026-07-13 12:38:28,660 — INFO — Preprocessing complete ✓
2026-07-13 12:38:28,660 — INFO — ============================================================
2026-07-13 12:38:28,660 — INFO — STEP 3 — Classify
2026-07-13 12:38:28,660 — INFO — ============================================================
2026-07-13 12:38:28,667 — INFO — Loading SVM model...
2026-07-13 12:38:28,685 — INFO — No device provided, using mps
2026-07-13 12:38:28,830 — INFO — HTTP Request: HEAD https://huggingface.co/sentence-transformers/all-mpnet-base-v2/resolve/main/modules.json "HTTP/1.1 307 Temporary Redirect"
2026-07-13 12:38:28,831 — WARNING — Warning: You are sending unauthenticated requests to the HF Hub. Please set a HF_TOKEN to enable higher rate limits and faster downloads.
2026-07-13 12:38:28,842 — INFO — HTTP Request: HEAD https://huggingface.co/api/resolve-cache/models/sentence-transformers/all-mpnet-base-v2/e8c3b32edf5434bc2275fc9bab85f82640a19130/modules.json "HTTP/1.1 200 OK"
2026-07-13 12:38:28,946 — INFO — HTTP Request: HEAD https://huggingface.co/sentence-transformers/all-mpnet-base-v2/resolve/main/config_sentence_transformers.json "HTTP/1.1 307 Temporary Redirect"
2026-07-13 12:38:28,964 — INFO — HTTP Request: HEAD https://huggingface.co/api/resolve-cache/models/sentence-transformers/all-mpnet-base-v2/e8c3b32edf5434bc2275fc9bab85f82640a19130/config_sentence_transformers.json "HTTP/1.1 200 OK"
2026-07-13 12:38:28,970 — INFO — Loading SentenceTransformer model from sentence-transformers/all-mpnet-base-v2.
2026-07-13 12:38:29,072 — INFO — HTTP Request: HEAD https://huggingface.co/sentence-transformers/all-mpnet-base-v2/resolve/main/config_sentence_transformers.json "HTTP/1.1 307 Temporary Redirect"
2026-07-13 12:38:29,087 — INFO — HTTP Request: HEAD https://huggingface.co/api/resolve-cache/models/sentence-transformers/all-mpnet-base-v2/e8c3b32edf5434bc2275fc9bab85f82640a19130/config_sentence_transformers.json "HTTP/1.1 200 OK"
2026-07-13 12:38:29,192 — INFO — HTTP Request: HEAD https://huggingface.co/sentence-transformers/all-mpnet-base-v2/resolve/main/README.md "HTTP/1.1 307 Temporary Redirect"
2026-07-13 12:38:29,207 — INFO — HTTP Request: HEAD https://huggingface.co/api/resolve-cache/models/sentence-transformers/all-mpnet-base-v2/e8c3b32edf5434bc2275fc9bab85f82640a19130/README.md "HTTP/1.1 200 OK"
2026-07-13 12:38:29,316 — INFO — HTTP Request: HEAD https://huggingface.co/sentence-transformers/all-mpnet-base-v2/resolve/main/modules.json "HTTP/1.1 307 Temporary Redirect"
2026-07-13 12:38:29,332 — INFO — HTTP Request: HEAD https://huggingface.co/api/resolve-cache/models/sentence-transformers/all-mpnet-base-v2/e8c3b32edf5434bc2275fc9bab85f82640a19130/modules.json "HTTP/1.1 200 OK"
2026-07-13 12:38:29,445 — INFO — HTTP Request: HEAD https://huggingface.co/sentence-transformers/all-mpnet-base-v2/resolve/main/sentence_bert_config.json "HTTP/1.1 307 Temporary Redirect"
2026-07-13 12:38:29,460 — INFO — HTTP Request: HEAD https://huggingface.co/api/resolve-cache/models/sentence-transformers/all-mpnet-base-v2/e8c3b32edf5434bc2275fc9bab85f82640a19130/sentence_bert_config.json "HTTP/1.1 200 OK"
2026-07-13 12:38:29,578 — INFO — HTTP Request: HEAD https://huggingface.co/sentence-transformers/all-mpnet-base-v2/resolve/main/adapter_config.json "HTTP/1.1 404 Not Found"
2026-07-13 12:38:29,681 — INFO — HTTP Request: HEAD https://huggingface.co/sentence-transformers/all-mpnet-base-v2/resolve/main/config.json "HTTP/1.1 307 Temporary Redirect"
2026-07-13 12:38:29,697 — INFO — HTTP Request: HEAD https://huggingface.co/api/resolve-cache/models/sentence-transformers/all-mpnet-base-v2/e8c3b32edf5434bc2275fc9bab85f82640a19130/config.json "HTTP/1.1 200 OK"
2026-07-13 12:38:29,972 — INFO — HTTP Request: HEAD https://huggingface.co/sentence-transformers/all-mpnet-base-v2/resolve/main/processor_config.json "HTTP/1.1 404 Not Found"
2026-07-13 12:38:30,078 — INFO — HTTP Request: HEAD https://huggingface.co/sentence-transformers/all-mpnet-base-v2/resolve/main/preprocessor_config.json "HTTP/1.1 404 Not Found"
2026-07-13 12:38:30,187 — INFO — HTTP Request: HEAD https://huggingface.co/sentence-transformers/all-mpnet-base-v2/resolve/main/video_preprocessor_config.json "HTTP/1.1 404 Not Found"
2026-07-13 12:38:30,293 — INFO — HTTP Request: HEAD https://huggingface.co/sentence-transformers/all-mpnet-base-v2/resolve/main/preprocessor_config.json "HTTP/1.1 404 Not Found"
2026-07-13 12:38:30,399 — INFO — HTTP Request: HEAD https://huggingface.co/sentence-transformers/all-mpnet-base-v2/resolve/main/tokenizer_config.json "HTTP/1.1 307 Temporary Redirect"
2026-07-13 12:38:30,413 — INFO — HTTP Request: HEAD https://huggingface.co/api/resolve-cache/models/sentence-transformers/all-mpnet-base-v2/e8c3b32edf5434bc2275fc9bab85f82640a19130/tokenizer_config.json "HTTP/1.1 200 OK"
2026-07-13 12:38:30,520 — INFO — HTTP Request: HEAD https://huggingface.co/sentence-transformers/all-mpnet-base-v2/resolve/main/config.json "HTTP/1.1 307 Temporary Redirect"
2026-07-13 12:38:30,533 — INFO — HTTP Request: HEAD https://huggingface.co/api/resolve-cache/models/sentence-transformers/all-mpnet-base-v2/e8c3b32edf5434bc2275fc9bab85f82640a19130/config.json "HTTP/1.1 200 OK"
2026-07-13 12:38:30,642 — INFO — HTTP Request: HEAD https://huggingface.co/sentence-transformers/all-mpnet-base-v2/resolve/main/config.json "HTTP/1.1 307 Temporary Redirect"
2026-07-13 12:38:30,656 — INFO — HTTP Request: HEAD https://huggingface.co/api/resolve-cache/models/sentence-transformers/all-mpnet-base-v2/e8c3b32edf5434bc2275fc9bab85f82640a19130/config.json "HTTP/1.1 200 OK"
2026-07-13 12:38:30,765 — INFO — HTTP Request: HEAD https://huggingface.co/sentence-transformers/all-mpnet-base-v2/resolve/main/tokenizer_config.json "HTTP/1.1 307 Temporary Redirect"
2026-07-13 12:38:30,782 — INFO — HTTP Request: HEAD https://huggingface.co/api/resolve-cache/models/sentence-transformers/all-mpnet-base-v2/e8c3b32edf5434bc2275fc9bab85f82640a19130/tokenizer_config.json "HTTP/1.1 200 OK"
2026-07-13 12:38:30,896 — INFO — HTTP Request: GET https://huggingface.co/api/models/sentence-transformers/all-mpnet-base-v2/tree/main/additional_chat_templates?recursive=false&expand=false "HTTP/1.1 404 Not Found"
2026-07-13 12:38:31,004 — INFO — HTTP Request: GET https://huggingface.co/api/models/sentence-transformers/all-mpnet-base-v2/tree/main?recursive=true&expand=false "HTTP/1.1 200 OK"
2026-07-13 12:38:31,176 — INFO — HTTP Request: HEAD https://huggingface.co/sentence-transformers/all-mpnet-base-v2/resolve/main/1_Pooling/config.json "HTTP/1.1 307 Temporary Redirect"
2026-07-13 12:38:31,191 — INFO — HTTP Request: HEAD https://huggingface.co/api/resolve-cache/models/sentence-transformers/all-mpnet-base-v2/e8c3b32edf5434bc2275fc9bab85f82640a19130/1_Pooling%2Fconfig.json "HTTP/1.1 200 OK"
2026-07-13 12:38:31,307 — INFO — HTTP Request: GET https://huggingface.co/api/models/sentence-transformers/all-mpnet-base-v2 "HTTP/1.1 200 OK"
2026-07-13 12:38:32,345 — INFO — Models loaded ✓
2026-07-13 12:38:32,346 — INFO — Generating embeddings...
2026-07-13 12:38:34,517 — INFO — Classification complete — method breakdown:
2026-07-13 12:38:34,519 — INFO — prediction_method
svm_low_conf    1
2026-07-13 12:38:34,519 — INFO — ============================================================
2026-07-13 12:38:34,519 — INFO — STEP 4 — ABSA
2026-07-13 12:38:34,519 — INFO — ============================================================
2026-07-13 12:38:34,519 — INFO — Using device: MPS
2026-07-13 12:38:34,519 — INFO — Loading ABSA model...
2026-07-13 12:38:34,620 — INFO — HTTP Request: HEAD https://huggingface.co/yangheng/deberta-v3-base-absa-v1.1/resolve/main/config.json "HTTP/1.1 307 Temporary Redirect"
2026-07-13 12:38:34,637 — INFO — HTTP Request: HEAD https://huggingface.co/api/resolve-cache/models/yangheng/deberta-v3-base-absa-v1.1/10c9dff335a44073e1352360c3a7bc54dc58eb01/config.json "HTTP/1.1 200 OK"
2026-07-13 12:38:34,869 — INFO — HTTP Request: GET https://huggingface.co/api/models/yangheng/deberta-v3-base-absa-v1.1/tree/main/additional_chat_templates?recursive=false&expand=false "HTTP/1.1 404 Not Found"
2026-07-13 12:38:34,989 — INFO — HTTP Request: GET https://huggingface.co/api/models/yangheng/deberta-v3-base-absa-v1.1/tree/main?recursive=true&expand=false "HTTP/1.1 200 OK"
2026-07-13 12:38:35,345 — INFO — HTTP Request: GET https://huggingface.co/api/models/yangheng/deberta-v3-base-absa-v1.1 "HTTP/1.1 200 OK"
2026-07-13 12:38:36,605 — INFO — ABSA model loaded ✓
2026-07-13 12:38:36,619 — INFO — Word count distribution:
count     1.0
mean     51.0
std       NaN
min      51.0
25%      51.0
50%      51.0
75%      51.0
max      51.0
Name: Feedback_clean, dtype: float64
2026-07-13 12:38:36,619 — INFO — Reviews with >= 2 words: 1
2026-07-13 12:38:36,619 — INFO — Reviews with >= 5 words: 1
2026-07-13 12:38:36,620 — INFO — Using 'Feedback_clean' column for ABSA (avg 51.0 words)
2026-07-13 12:38:36,620 — INFO — Running ABSA on 1 reviews (using column: Feedback_clean)
2026-07-13 12:38:36,620 — INFO —   ABSA progress: 0/1
2026-07-13 12:38:36,848 — INFO — ABSA raw labels seen: {'Negative'}
2026-07-13 12:38:36,848 — INFO — ABSA call failures: 0 / 4 approx calls
2026-07-13 12:38:36,856 — INFO — ABSA complete ✓
2026-07-13 12:38:36,856 — INFO — Sentiment distribution: {'negative': 1}
2026-07-13 12:38:36,914 — INFO — ============================================================
2026-07-13 12:38:36,914 — INFO — STEP 5 — Entity extraction
2026-07-13 12:38:36,914 — INFO — ============================================================
2026-07-13 12:38:37,166 — INFO — spaCy model loaded ✓
2026-07-13 12:38:37,166 — INFO —   Entity progress: 0/1
2026-07-13 12:38:37,168 — INFO — Entity extraction complete ✓
2026-07-13 12:38:37,169 — INFO — ============================================================
2026-07-13 12:38:37,169 — INFO — STEP 6 — Save outputs
2026-07-13 12:38:37,169 — INFO — ============================================================
2026-07-13 12:38:37,857 — INFO — Appended to master — total records: 5123
2026-07-13 12:38:38,640 — INFO — Saved: results.xlsx
2026-07-13 12:38:41,145 — INFO — Saved: research_output.xlsx
2026-07-13 12:38:41,161 — INFO — Saved: product_output.xlsx
2026-07-13 12:38:41,171 — INFO — Saved: leadership_output.xlsx
2026-07-13 12:38:41,171 — INFO — All outputs saved ✓
2026-07-13 12:38:42,695 — INFO — Dashboard regenerated ✓
2026-07-13 12:38:42,695 — INFO — ============================================================
2026-07-13 12:38:42,695 — INFO — PIPELINE COMPLETE — 7609 new reviews processed
2026-07-13 12:38:42,695 — INFO — Master file now contains 5123 reviews
2026-07-13 12:38:42,695 — INFO — Outputs: outputs/latest/ and outputs/archive/2026-07-13/
2026-07-13 12:38:42,695 — INFO — ============================================================
2026-07-13 12:41:08,274 — INFO — ============================================================
2026-07-13 12:41:08,275 — INFO — PIPELINE START — 2026-07-13 12:41:08
2026-07-13 12:41:08,275 — INFO — ============================================================
2026-07-13 12:41:08,275 — INFO — ============================================================
2026-07-13 12:41:08,275 — INFO — STEP 1 — Ingest & deduplicate
2026-07-13 12:41:08,275 — INFO — ============================================================
2026-07-13 12:41:08,276 — INFO — Attempting to fetch responses directly from SurveyMonkey API...
2026-07-13 12:41:08,276 — INFO — Fetching question metadata for survey 525214484...
2026-07-13 12:41:09,020 — INFO — Mapped 3 questions for survey 525214484
2026-07-13 12:41:09,021 — INFO — Fetching responses for survey 525214484...
2026-07-13 12:41:10,355 — INFO —   Fetched 100 responses so far...
2026-07-13 12:41:11,887 — INFO —   Fetched 200 responses so far...
2026-07-13 12:41:13,520 — INFO —   Fetched 300 responses so far...
2026-07-13 12:41:15,180 — INFO —   Fetched 400 responses so far...
2026-07-13 12:41:16,712 — INFO —   Fetched 500 responses so far...
2026-07-13 12:41:17,822 — INFO —   Fetched 600 responses so far...
2026-07-13 12:41:19,091 — INFO —   Fetched 700 responses so far...
2026-07-13 12:41:20,600 — INFO —   Fetched 800 responses so far...
2026-07-13 12:41:22,237 — INFO —   Fetched 900 responses so far...
2026-07-13 12:41:23,849 — INFO —   Fetched 1000 responses so far...
2026-07-13 12:41:25,200 — INFO —   Fetched 1100 responses so far...
2026-07-13 12:41:26,750 — INFO —   Fetched 1200 responses so far...
2026-07-13 12:41:27,836 — INFO —   Fetched 1300 responses so far...
2026-07-13 12:41:29,338 — INFO —   Fetched 1400 responses so far...
2026-07-13 12:41:30,246 — INFO —   Fetched 1500 responses so far...
2026-07-13 12:41:31,247 — INFO —   Fetched 1600 responses so far...
2026-07-13 12:41:32,880 — INFO —   Fetched 1700 responses so far...
2026-07-13 12:41:33,882 — INFO —   Fetched 1800 responses so far...
2026-07-13 12:41:34,990 — INFO —   Fetched 1900 responses so far...
2026-07-13 12:41:36,471 — INFO —   Fetched 2000 responses so far...
2026-07-13 12:41:37,390 — INFO —   Fetched 2100 responses so far...
2026-07-13 12:41:38,896 — INFO —   Fetched 2200 responses so far...
2026-07-13 12:41:39,866 — INFO —   Fetched 2300 responses so far...
2026-07-13 12:41:41,457 — INFO —   Fetched 2400 responses so far...
2026-07-13 12:41:42,406 — INFO —   Fetched 2500 responses so far...
2026-07-13 12:41:43,708 — INFO —   Fetched 2600 responses so far...
2026-07-13 12:41:44,719 — INFO —   Fetched 2700 responses so far...
2026-07-13 12:41:45,692 — INFO —   Fetched 2800 responses so far...
2026-07-13 12:41:47,180 — INFO —   Fetched 2900 responses so far...
2026-07-13 12:41:48,694 — INFO —   Fetched 3000 responses so far...
2026-07-13 12:41:50,013 — INFO —   Fetched 3100 responses so far...
2026-07-13 12:41:51,680 — INFO —   Fetched 3200 responses so far...
2026-07-13 12:41:53,227 — INFO —   Fetched 3300 responses so far...
2026-07-13 12:41:54,879 — INFO —   Fetched 3400 responses so far...
2026-07-13 12:41:56,031 — INFO —   Fetched 3500 responses so far...
2026-07-13 12:41:56,969 — INFO —   Fetched 3600 responses so far...
2026-07-13 12:41:58,265 — INFO —   Fetched 3700 responses so far...
2026-07-13 12:41:59,890 — INFO —   Fetched 3800 responses so far...
2026-07-13 12:42:01,350 — INFO —   Fetched 3900 responses so far...
2026-07-13 12:42:02,378 — INFO —   Fetched 4000 responses so far...
2026-07-13 12:42:03,401 — INFO —   Fetched 4100 responses so far...
2026-07-13 12:42:05,362 — INFO —   Fetched 4200 responses so far...
2026-07-13 12:42:06,572 — INFO —   Fetched 4300 responses so far...
2026-07-13 12:42:08,138 — INFO —   Fetched 4400 responses so far...
2026-07-13 12:42:09,691 — INFO —   Fetched 4500 responses so far...
2026-07-13 12:42:11,245 — INFO —   Fetched 4600 responses so far...
2026-07-13 12:42:12,761 — INFO —   Fetched 4700 responses so far...
2026-07-13 12:42:13,843 — INFO —   Fetched 4800 responses so far...
2026-07-13 12:42:15,530 — INFO —   Fetched 4900 responses so far...
2026-07-13 12:42:16,508 — INFO —   Fetched 5000 responses so far...
2026-07-13 12:42:17,514 — INFO —   Fetched 5100 responses so far...
2026-07-13 12:42:19,066 — INFO —   Fetched 5200 responses so far...
2026-07-13 12:42:20,094 — INFO —   Fetched 5300 responses so far...
2026-07-13 12:42:21,744 — INFO —   Fetched 5400 responses so far...
2026-07-13 12:42:23,365 — INFO —   Fetched 5500 responses so far...
2026-07-13 12:42:24,302 — INFO —   Fetched 5600 responses so far...
2026-07-13 12:42:25,261 — INFO —   Fetched 5700 responses so far...
2026-07-13 12:42:26,770 — INFO —   Fetched 5800 responses so far...
2026-07-13 12:42:27,590 — WARNING — SurveyMonkey API fetch failed or not configured (429 Client Error: Too Many Requests for url: https://api.surveymonkey.com/v3/surveys/525214484/responses/bulk?status=completed&per_page=100&page=59)
2026-07-13 12:42:27,590 — WARNING — Falling back to manual Excel export...
2026-07-13 12:42:28,375 — INFO — Loaded 12609 reviews from input file
2026-07-13 12:42:28,378 — INFO — Found 5123 previously processed IDs
2026-07-13 12:42:28,382 — INFO — New reviews to process: 7533 (source: file)
2026-07-13 12:42:28,389 — INFO — ============================================================
2026-07-13 12:42:28,389 — INFO — STEP 2 — External preprocessing (preprocessing.py)
2026-07-13 12:42:28,389 — INFO — ============================================================
2026-07-13 12:42:28,389 — INFO — Columns before preprocessing: ['Respondent ID', 'Collector ID', 'Start Date', 'End Date', 'IP Address', 'Email Address', 'First Name', 'Last Name', 'Custom Data 1', 'rq_flag', 'Rate your experience', 'Is there anything you would like to tell us about your experience?']
2026-07-13 12:42:28,389 — INFO — Rows before preprocessing: 7533
2026-07-13 12:42:28,395 — INFO — Columns after preprocessing: ['Respondent ID', 'Collector ID', 'Start Date', 'End Date', 'IP Address', 'Email Address', 'First Name', 'Last Name', 'Custom Data 1', 'rq_flag', 'Rating', 'Feedback', 'Feedback_clean']
2026-07-13 12:42:28,395 — INFO — Rows after preprocessing: 0
2026-07-13 12:42:28,395 — INFO — Non-null Feedback_clean: 0
2026-07-13 12:42:28,395 — INFO — Sample: []
2026-07-13 12:42:28,395 — INFO — Preprocessing complete ✓
2026-07-13 12:42:28,395 — WARNING — No feedback responses in this export — skipping NLP steps.
2026-07-13 12:44:01,531 — INFO — ============================================================
2026-07-13 12:44:01,532 — INFO — PIPELINE START — 2026-07-13 12:44:01
2026-07-13 12:44:01,532 — INFO — ============================================================
2026-07-13 12:44:01,532 — INFO — ============================================================
2026-07-13 12:44:01,532 — INFO — STEP 1 — Ingest & deduplicate
2026-07-13 12:44:01,532 — INFO — ============================================================
2026-07-13 12:44:01,533 — INFO — Attempting to fetch responses directly from SurveyMonkey API...
2026-07-13 12:44:01,533 — INFO — Fetching question metadata for survey 525214484...
2026-07-13 12:44:02,175 — WARNING — SurveyMonkey API fetch failed or not configured (429 Client Error: Too Many Requests for url: https://api.surveymonkey.com/v3/surveys/525214484/details)
2026-07-13 12:44:02,176 — WARNING — Falling back to manual Excel export...
2026-07-13 12:44:02,890 — INFO — Loaded 12609 reviews from input file
2026-07-13 12:44:02,894 — INFO — Found 5123 previously processed IDs
2026-07-13 12:44:02,897 — INFO — New reviews to process: 7533 (source: file)
2026-07-13 12:44:02,904 — INFO — ============================================================
2026-07-13 12:44:02,904 — INFO — STEP 2 — External preprocessing (preprocessing.py)
2026-07-13 12:44:02,904 — INFO — ============================================================
2026-07-13 12:44:02,904 — INFO — Columns before preprocessing: ['Respondent ID', 'Collector ID', 'Start Date', 'End Date', 'IP Address', 'Email Address', 'First Name', 'Last Name', 'Custom Data 1', 'rq_flag', 'Rate your experience', 'Is there anything you would like to tell us about your experience?']
2026-07-13 12:44:02,904 — INFO — Rows before preprocessing: 7533
2026-07-13 12:44:02,911 — INFO — Columns after preprocessing: ['Respondent ID', 'Collector ID', 'Start Date', 'End Date', 'IP Address', 'Email Address', 'First Name', 'Last Name', 'Custom Data 1', 'rq_flag', 'Rating', 'Feedback', 'Feedback_clean']
2026-07-13 12:44:02,911 — INFO — Rows after preprocessing: 0
2026-07-13 12:44:02,911 — INFO — Non-null Feedback_clean: 0
2026-07-13 12:44:02,911 — INFO — Sample: []
2026-07-13 12:44:02,911 — INFO — Preprocessing complete ✓
2026-07-13 12:44:02,911 — WARNING — No feedback responses in this export — skipping NLP steps.
2026-07-13 15:39:23,023 — INFO — ============================================================
2026-07-13 15:39:23,024 — INFO — PIPELINE START — 2026-07-13 15:39:23
2026-07-13 15:39:23,024 — INFO — ============================================================
2026-07-13 15:39:23,024 — INFO — ============================================================
2026-07-13 15:39:23,024 — INFO — STEP 1 — Ingest & deduplicate
2026-07-13 15:39:23,024 — INFO — ============================================================
2026-07-13 15:39:23,025 — INFO — Attempting to fetch responses directly from SurveyMonkey API...
2026-07-13 15:39:23,025 — INFO — Fetching question metadata for survey 525214484...
2026-07-13 15:39:23,703 — WARNING — SurveyMonkey API fetch failed or not configured (429 Client Error: Too Many Requests for url: https://api.surveymonkey.com/v3/surveys/525214484/details)
2026-07-13 15:39:23,703 — WARNING — Falling back to manual Excel export...
2026-07-13 15:39:24,322 — INFO — Loaded 12609 reviews from input file
2026-07-13 15:39:24,326 — INFO — Found 5123 previously processed IDs
2026-07-13 15:39:24,330 — INFO — New reviews to process: 7533 (source: file)
2026-07-13 15:39:24,335 — INFO — ============================================================
2026-07-13 15:39:24,336 — INFO — STEP 2 — External preprocessing (preprocessing.py)
2026-07-13 15:39:24,336 — INFO — ============================================================
2026-07-13 15:39:24,336 — INFO — Columns before preprocessing: ['Respondent ID', 'Collector ID', 'Start Date', 'End Date', 'IP Address', 'Email Address', 'First Name', 'Last Name', 'Custom Data 1', 'rq_flag', 'Rate your experience', 'Is there anything you would like to tell us about your experience?']
2026-07-13 15:39:24,336 — INFO — Rows before preprocessing: 7533
2026-07-13 15:39:24,342 — INFO — Columns after preprocessing: ['Respondent ID', 'Collector ID', 'Start Date', 'End Date', 'IP Address', 'Email Address', 'First Name', 'Last Name', 'Custom Data 1', 'rq_flag', 'Rating', 'Feedback', 'Feedback_clean']
2026-07-13 15:39:24,342 — INFO — Rows after preprocessing: 0
2026-07-13 15:39:24,342 — INFO — Non-null Feedback_clean: 0
2026-07-13 15:39:24,342 — INFO — Sample: []
2026-07-13 15:39:24,342 — INFO — Preprocessing complete ✓
2026-07-13 15:39:24,342 — WARNING — No feedback responses in this export — skipping NLP steps.
2026-07-13 15:51:58,061 — INFO — ============================================================
2026-07-13 15:51:58,062 — INFO — PIPELINE START — 2026-07-13 15:51:58
2026-07-13 15:51:58,062 — INFO — ============================================================
2026-07-13 15:51:58,062 — INFO — ============================================================
2026-07-13 15:51:58,062 — INFO — STEP 1 — Ingest & deduplicate
2026-07-13 15:51:58,062 — INFO — ============================================================
2026-07-13 15:51:58,063 — INFO — Attempting to fetch responses directly from SurveyMonkey API...
2026-07-13 15:51:58,063 — INFO — Fetching question metadata for survey 525214484...
2026-07-13 15:51:58,740 — WARNING — SurveyMonkey API fetch failed or not configured (429 Client Error: Too Many Requests for url: https://api.surveymonkey.com/v3/surveys/525214484/details)
2026-07-13 15:51:58,740 — WARNING — Falling back to manual Excel export...
2026-07-13 15:51:59,595 — INFO — Loaded 12748 reviews from input file
2026-07-13 15:51:59,600 — INFO — Found 5123 previously processed IDs
2026-07-13 15:51:59,604 — INFO — New reviews to process: 7625 (source: file)
2026-07-13 15:51:59,610 — INFO — ============================================================
2026-07-13 15:51:59,610 — INFO — STEP 2 — External preprocessing (preprocessing.py)
2026-07-13 15:51:59,610 — INFO — ============================================================
2026-07-13 15:51:59,610 — INFO — Columns before preprocessing: ['Respondent ID', 'Collector ID', 'Start Date', 'End Date', 'IP Address', 'Email Address', 'First Name', 'Last Name', 'Custom Data 1', 'rq_flag', 'Rate your experience', 'Is there anything you would like to tell us about your experience?']
2026-07-13 15:51:59,610 — INFO — Rows before preprocessing: 7625
2026-07-13 15:51:59,622 — INFO — Columns after preprocessing: ['Respondent ID', 'Collector ID', 'Start Date', 'End Date', 'IP Address', 'Email Address', 'First Name', 'Last Name', 'Custom Data 1', 'rq_flag', 'Rating', 'Feedback', 'Feedback_clean']
2026-07-13 15:51:59,622 — INFO — Rows after preprocessing: 7
2026-07-13 15:51:59,622 — INFO — Non-null Feedback_clean: 7
2026-07-13 15:51:59,622 — INFO — Sample: ['service is amazing once you familiarise yourself with its application', 'not enough options for change of use applications', 'the list of documents did not check out it still read 00']
2026-07-13 15:51:59,622 — INFO — Preprocessing complete ✓
2026-07-13 15:51:59,622 — INFO — ============================================================
2026-07-13 15:51:59,622 — INFO — STEP 3 — Classify
2026-07-13 15:51:59,622 — INFO — ============================================================
2026-07-13 15:51:59,625 — INFO — Loading SVM model...
2026-07-13 15:51:59,630 — INFO — No device provided, using mps
2026-07-13 15:51:59,768 — INFO — HTTP Request: HEAD https://huggingface.co/sentence-transformers/all-mpnet-base-v2/resolve/main/modules.json "HTTP/1.1 307 Temporary Redirect"
2026-07-13 15:51:59,768 — WARNING — Warning: You are sending unauthenticated requests to the HF Hub. Please set a HF_TOKEN to enable higher rate limits and faster downloads.
2026-07-13 15:51:59,780 — INFO — HTTP Request: HEAD https://huggingface.co/api/resolve-cache/models/sentence-transformers/all-mpnet-base-v2/e8c3b32edf5434bc2275fc9bab85f82640a19130/modules.json "HTTP/1.1 200 OK"
2026-07-13 15:51:59,879 — INFO — HTTP Request: HEAD https://huggingface.co/sentence-transformers/all-mpnet-base-v2/resolve/main/config_sentence_transformers.json "HTTP/1.1 307 Temporary Redirect"
2026-07-13 15:51:59,891 — INFO — HTTP Request: HEAD https://huggingface.co/api/resolve-cache/models/sentence-transformers/all-mpnet-base-v2/e8c3b32edf5434bc2275fc9bab85f82640a19130/config_sentence_transformers.json "HTTP/1.1 200 OK"
2026-07-13 15:51:59,893 — INFO — Loading SentenceTransformer model from sentence-transformers/all-mpnet-base-v2.
2026-07-13 15:51:59,992 — INFO — HTTP Request: HEAD https://huggingface.co/sentence-transformers/all-mpnet-base-v2/resolve/main/config_sentence_transformers.json "HTTP/1.1 307 Temporary Redirect"
2026-07-13 15:52:00,005 — INFO — HTTP Request: HEAD https://huggingface.co/api/resolve-cache/models/sentence-transformers/all-mpnet-base-v2/e8c3b32edf5434bc2275fc9bab85f82640a19130/config_sentence_transformers.json "HTTP/1.1 200 OK"
2026-07-13 15:52:00,105 — INFO — HTTP Request: HEAD https://huggingface.co/sentence-transformers/all-mpnet-base-v2/resolve/main/README.md "HTTP/1.1 307 Temporary Redirect"
2026-07-13 15:52:00,120 — INFO — HTTP Request: HEAD https://huggingface.co/api/resolve-cache/models/sentence-transformers/all-mpnet-base-v2/e8c3b32edf5434bc2275fc9bab85f82640a19130/README.md "HTTP/1.1 200 OK"
2026-07-13 15:52:00,226 — INFO — HTTP Request: HEAD https://huggingface.co/sentence-transformers/all-mpnet-base-v2/resolve/main/modules.json "HTTP/1.1 307 Temporary Redirect"
2026-07-13 15:52:00,238 — INFO — HTTP Request: HEAD https://huggingface.co/api/resolve-cache/models/sentence-transformers/all-mpnet-base-v2/e8c3b32edf5434bc2275fc9bab85f82640a19130/modules.json "HTTP/1.1 200 OK"
2026-07-13 15:52:00,335 — INFO — HTTP Request: HEAD https://huggingface.co/sentence-transformers/all-mpnet-base-v2/resolve/main/sentence_bert_config.json "HTTP/1.1 307 Temporary Redirect"
2026-07-13 15:52:00,347 — INFO — HTTP Request: HEAD https://huggingface.co/api/resolve-cache/models/sentence-transformers/all-mpnet-base-v2/e8c3b32edf5434bc2275fc9bab85f82640a19130/sentence_bert_config.json "HTTP/1.1 200 OK"
2026-07-13 15:52:00,458 — INFO — HTTP Request: HEAD https://huggingface.co/sentence-transformers/all-mpnet-base-v2/resolve/main/adapter_config.json "HTTP/1.1 404 Not Found"
2026-07-13 15:52:00,570 — INFO — HTTP Request: HEAD https://huggingface.co/sentence-transformers/all-mpnet-base-v2/resolve/main/config.json "HTTP/1.1 307 Temporary Redirect"
2026-07-13 15:52:00,583 — INFO — HTTP Request: HEAD https://huggingface.co/api/resolve-cache/models/sentence-transformers/all-mpnet-base-v2/e8c3b32edf5434bc2275fc9bab85f82640a19130/config.json "HTTP/1.1 200 OK"
2026-07-13 15:52:00,799 — INFO — HTTP Request: HEAD https://huggingface.co/sentence-transformers/all-mpnet-base-v2/resolve/main/processor_config.json "HTTP/1.1 404 Not Found"
2026-07-13 15:52:00,898 — INFO — HTTP Request: HEAD https://huggingface.co/sentence-transformers/all-mpnet-base-v2/resolve/main/preprocessor_config.json "HTTP/1.1 404 Not Found"
2026-07-13 15:52:01,002 — INFO — HTTP Request: HEAD https://huggingface.co/sentence-transformers/all-mpnet-base-v2/resolve/main/video_preprocessor_config.json "HTTP/1.1 404 Not Found"
2026-07-13 15:52:01,109 — INFO — HTTP Request: HEAD https://huggingface.co/sentence-transformers/all-mpnet-base-v2/resolve/main/preprocessor_config.json "HTTP/1.1 404 Not Found"
2026-07-13 15:52:01,205 — INFO — HTTP Request: HEAD https://huggingface.co/sentence-transformers/all-mpnet-base-v2/resolve/main/tokenizer_config.json "HTTP/1.1 307 Temporary Redirect"
2026-07-13 15:52:01,217 — INFO — HTTP Request: HEAD https://huggingface.co/api/resolve-cache/models/sentence-transformers/all-mpnet-base-v2/e8c3b32edf5434bc2275fc9bab85f82640a19130/tokenizer_config.json "HTTP/1.1 200 OK"
2026-07-13 15:52:01,316 — INFO — HTTP Request: HEAD https://huggingface.co/sentence-transformers/all-mpnet-base-v2/resolve/main/config.json "HTTP/1.1 307 Temporary Redirect"
2026-07-13 15:52:01,328 — INFO — HTTP Request: HEAD https://huggingface.co/api/resolve-cache/models/sentence-transformers/all-mpnet-base-v2/e8c3b32edf5434bc2275fc9bab85f82640a19130/config.json "HTTP/1.1 200 OK"
2026-07-13 15:52:01,435 — INFO — HTTP Request: HEAD https://huggingface.co/sentence-transformers/all-mpnet-base-v2/resolve/main/config.json "HTTP/1.1 307 Temporary Redirect"
2026-07-13 15:52:01,450 — INFO — HTTP Request: HEAD https://huggingface.co/api/resolve-cache/models/sentence-transformers/all-mpnet-base-v2/e8c3b32edf5434bc2275fc9bab85f82640a19130/config.json "HTTP/1.1 200 OK"
2026-07-13 15:52:01,567 — INFO — HTTP Request: HEAD https://huggingface.co/sentence-transformers/all-mpnet-base-v2/resolve/main/tokenizer_config.json "HTTP/1.1 307 Temporary Redirect"
2026-07-13 15:52:01,585 — INFO — HTTP Request: HEAD https://huggingface.co/api/resolve-cache/models/sentence-transformers/all-mpnet-base-v2/e8c3b32edf5434bc2275fc9bab85f82640a19130/tokenizer_config.json "HTTP/1.1 200 OK"
2026-07-13 15:52:01,695 — INFO — HTTP Request: GET https://huggingface.co/api/models/sentence-transformers/all-mpnet-base-v2/tree/main/additional_chat_templates?recursive=false&expand=false "HTTP/1.1 404 Not Found"
2026-07-13 15:52:01,801 — INFO — HTTP Request: GET https://huggingface.co/api/models/sentence-transformers/all-mpnet-base-v2/tree/main?recursive=true&expand=false "HTTP/1.1 200 OK"
2026-07-13 15:52:01,947 — INFO — HTTP Request: HEAD https://huggingface.co/sentence-transformers/all-mpnet-base-v2/resolve/main/1_Pooling/config.json "HTTP/1.1 307 Temporary Redirect"
2026-07-13 15:52:01,960 — INFO — HTTP Request: HEAD https://huggingface.co/api/resolve-cache/models/sentence-transformers/all-mpnet-base-v2/e8c3b32edf5434bc2275fc9bab85f82640a19130/1_Pooling%2Fconfig.json "HTTP/1.1 200 OK"
2026-07-13 15:52:02,063 — INFO — HTTP Request: GET https://huggingface.co/api/models/sentence-transformers/all-mpnet-base-v2 "HTTP/1.1 200 OK"
2026-07-13 15:52:02,999 — INFO — Models loaded ✓
2026-07-13 15:52:02,999 — INFO — Generating embeddings...
2026-07-13 15:52:03,695 — INFO — Classification complete — method breakdown:
2026-07-13 15:52:03,697 — INFO — prediction_method
svm_low_conf    4
svm             3
2026-07-13 15:52:03,697 — INFO — ============================================================
2026-07-13 15:52:03,697 — INFO — STEP 4 — ABSA
2026-07-13 15:52:03,697 — INFO — ============================================================
2026-07-13 15:52:03,697 — INFO — Using device: MPS
2026-07-13 15:52:03,697 — INFO — Loading ABSA model...
2026-07-13 15:52:03,797 — INFO — HTTP Request: HEAD https://huggingface.co/yangheng/deberta-v3-base-absa-v1.1/resolve/main/config.json "HTTP/1.1 307 Temporary Redirect"
2026-07-13 15:52:03,810 — INFO — HTTP Request: HEAD https://huggingface.co/api/resolve-cache/models/yangheng/deberta-v3-base-absa-v1.1/10c9dff335a44073e1352360c3a7bc54dc58eb01/config.json "HTTP/1.1 200 OK"
2026-07-13 15:52:04,018 — INFO — HTTP Request: GET https://huggingface.co/api/models/yangheng/deberta-v3-base-absa-v1.1/tree/main/additional_chat_templates?recursive=false&expand=false "HTTP/1.1 404 Not Found"
2026-07-13 15:52:04,123 — INFO — HTTP Request: GET https://huggingface.co/api/models/yangheng/deberta-v3-base-absa-v1.1/tree/main?recursive=true&expand=false "HTTP/1.1 200 OK"
2026-07-13 15:52:04,440 — INFO — HTTP Request: GET https://huggingface.co/api/models/yangheng/deberta-v3-base-absa-v1.1 "HTTP/1.1 200 OK"
2026-07-13 15:52:05,632 — INFO — ABSA model loaded ✓
2026-07-13 15:52:05,637 — INFO — Word count distribution:
count     7.000000
mean      9.285714
std       7.364652
min       2.000000
25%       4.500000
50%       8.000000
75%      11.000000
max      24.000000
Name: Feedback_clean, dtype: float64
2026-07-13 15:52:05,637 — INFO — Reviews with >= 2 words: 7
2026-07-13 15:52:05,637 — INFO — Reviews with >= 5 words: 5
2026-07-13 15:52:05,637 — INFO — Using 'Feedback' column for ABSA (avg 9.6 words vs 9.3 clean)
2026-07-13 15:52:05,638 — INFO — Running ABSA on 7 reviews (using column: Feedback)
2026-07-13 15:52:05,640 — INFO —   ABSA progress: 0/7
2026-07-13 15:52:06,680 — INFO — ABSA raw labels seen: {'Positive', 'Negative'}
2026-07-13 15:52:06,680 — INFO — ABSA call failures: 0 / 28 approx calls
2026-07-13 15:52:06,697 — INFO — ABSA complete ✓
2026-07-13 15:52:06,698 — INFO — Sentiment distribution: {'negative': 4, 'positive': 3}
2026-07-13 15:52:06,752 — INFO — ============================================================
2026-07-13 15:52:06,753 — INFO — STEP 5 — Entity extraction
2026-07-13 15:52:06,753 — INFO — ============================================================
2026-07-13 15:52:06,998 — INFO — spaCy model loaded ✓
2026-07-13 15:52:06,998 — INFO —   Entity progress: 0/7
2026-07-13 15:52:07,000 — INFO — Entity extraction complete ✓
2026-07-13 15:52:07,001 — INFO — ============================================================
2026-07-13 15:52:07,001 — INFO — STEP 6 — Save outputs
2026-07-13 15:52:07,001 — INFO — ============================================================
2026-07-13 15:52:07,429 — INFO — Appended to master — total records: 5130
2026-07-13 15:52:08,479 — INFO — Saved: results.xlsx
2026-07-13 15:52:11,380 — INFO — Saved: research_output.xlsx
2026-07-13 15:52:11,401 — INFO — Saved: product_output.xlsx
2026-07-13 15:52:11,414 — INFO — Saved: leadership_output.xlsx
2026-07-13 15:52:11,414 — INFO — All outputs saved ✓
2026-07-13 15:52:11,923 — ERROR — PIPELINE FAILED: Mixed timezones detected. Pass utc=True in to_datetime or tz='UTC' in DatetimeIndex to convert to a common timezone.
2026-07-13 15:52:11,926 — ERROR — Traceback (most recent call last):
  File "/Users/nidaaziz/PycharmProjects/autoanalysisUserFeedback/run_pipeline.py", line 1081, in main
    adb.rebuild_from_master()
  File "/Users/nidaaziz/PycharmProjects/autoanalysisUserFeedback/aggregation_db.py", line 632, in rebuild_from_master
    df["Start Date"] = pd.to_datetime(df["Start Date"], errors="coerce")
                       ^^^^^^^^^^^^^^^^^^^^^^^^^^^^^^^^^^^^^^^^^^^^^^^^^
  File "/Users/nidaaziz/PycharmProjects/autoanalysisUserFeedback/venv/lib/python3.11/site-packages/pandas/core/tools/datetimes.py", line 1040, in to_datetime
    values = convert_listlike(arg._values, format)
             ^^^^^^^^^^^^^^^^^^^^^^^^^^^^^^^^^^^^^
  File "/Users/nidaaziz/PycharmProjects/autoanalysisUserFeedback/venv/lib/python3.11/site-packages/pandas/core/tools/datetimes.py", line 435, in _convert_listlike_datetimes
    return _array_strptime_with_fallback(arg, name, utc, format, exact, errors)
           ^^^^^^^^^^^^^^^^^^^^^^^^^^^^^^^^^^^^^^^^^^^^^^^^^^^^^^^^^^^^^^^^^^^^
  File "/Users/nidaaziz/PycharmProjects/autoanalysisUserFeedback/venv/lib/python3.11/site-packages/pandas/core/tools/datetimes.py", line 470, in _array_strptime_with_fallback
    result, tz_out = array_strptime(arg, fmt, exact=exact, errors=errors, utc=utc)
                     ^^^^^^^^^^^^^^^^^^^^^^^^^^^^^^^^^^^^^^^^^^^^^^^^^^^^^^^^^^^^^
  File "pandas/_libs/tslibs/strptime.pyx", line 566, in pandas._libs.tslibs.strptime.array_strptime
  File "pandas/_libs/tslibs/strptime.pyx", line 317, in pandas._libs.tslibs.strptime.DatetimeParseState.check_for_mixed_inputs
ValueError: Mixed timezones detected. Pass utc=True in to_datetime or tz='UTC' in DatetimeIndex to convert to a common timezone.

2026-07-13 20:55:46,634 — INFO — ============================================================
2026-07-13 20:55:46,634 — INFO — PIPELINE START — 2026-07-13 20:55:46
2026-07-13 20:55:46,634 — INFO — ============================================================
2026-07-13 20:55:46,634 — INFO — ============================================================
2026-07-13 20:55:46,634 — INFO — STEP 1 — Ingest & deduplicate
2026-07-13 20:55:46,634 — INFO — ============================================================
2026-07-13 20:55:46,641 — INFO — Attempting to fetch responses directly from SurveyMonkey API...
2026-07-13 20:55:46,641 — INFO — Fetching question metadata for survey 525214484...
2026-07-13 20:55:47,345 — WARNING — SurveyMonkey API fetch failed or not configured (429 Client Error: Too Many Requests for url: https://api.surveymonkey.com/v3/surveys/525214484/details)
2026-07-13 20:55:47,345 — WARNING — Falling back to manual Excel export...
2026-07-13 20:55:49,549 — INFO — Loaded 12748 reviews from input file
2026-07-13 20:55:49,567 — INFO — Found 5130 previously processed IDs
2026-07-13 20:55:49,571 — INFO — New reviews to process: 7618 (source: file)
2026-07-13 20:55:49,585 — INFO — ============================================================
2026-07-13 20:55:49,585 — INFO — STEP 2 — External preprocessing (preprocessing.py)
2026-07-13 20:55:49,585 — INFO — ============================================================
2026-07-13 20:55:49,585 — INFO — Columns before preprocessing: ['Respondent ID', 'Collector ID', 'Start Date', 'End Date', 'IP Address', 'Email Address', 'First Name', 'Last Name', 'Custom Data 1', 'rq_flag', 'Rate your experience', 'Is there anything you would like to tell us about your experience?']
2026-07-13 20:55:49,585 — INFO — Rows before preprocessing: 7618
2026-07-13 20:55:49,591 — INFO — Columns after preprocessing: ['Respondent ID', 'Collector ID', 'Start Date', 'End Date', 'IP Address', 'Email Address', 'First Name', 'Last Name', 'Custom Data 1', 'rq_flag', 'Rating', 'Feedback', 'Feedback_clean']
2026-07-13 20:55:49,591 — INFO — Rows after preprocessing: 0
2026-07-13 20:55:49,591 — INFO — Non-null Feedback_clean: 0
2026-07-13 20:55:49,592 — INFO — Sample: []
2026-07-13 20:55:49,592 — INFO — Preprocessing complete ✓
2026-07-13 20:55:49,592 — WARNING — No feedback responses in this export — skipping NLP steps.
2026-07-13 22:25:33,865 — INFO — ============================================================
2026-07-13 22:25:33,865 — INFO — PIPELINE START — 2026-07-13 22:25:33
2026-07-13 22:25:33,865 — INFO — ============================================================
2026-07-13 22:25:33,865 — INFO — ============================================================
2026-07-13 22:25:33,865 — INFO — STEP 1 — Ingest & deduplicate
2026-07-13 22:25:33,865 — INFO — ============================================================
2026-07-13 22:25:33,896 — INFO — Attempting to fetch responses directly from SurveyMonkey API...
2026-07-13 22:25:33,896 — INFO — Fetching question metadata for survey 525214484...
2026-07-13 22:25:34,564 — ERROR — SurveyMonkey daily quota EXHAUSTED (0/500). Resets in ~2.6h.
2026-07-13 22:25:34,565 — WARNING — SurveyMonkey rate limit hit: Too many requests were made, try again later.
2026-07-13 22:25:34,565 — ERROR — SurveyMonkey daily/rate quota exhausted — ABORTING this run rather than falling back to a stale local file. Reason: Too many requests were made, try again later.
